http://www.camden.k12.ga.us/
http://www.camden.k12.ga.us/UserFiles/Servers/Server_319837/File/Bids/2021%20School%20Connectivity%20RFP.pdf
http://www.camden.k12.ga.us/UserFiles/Servers/Server_319837/File/DPH%20News%20Release-Coronavirus%20-%201-24-2020.pdf
http://www.camden.k12.ga.us/UserFiles/Servers/Server_319837/File/Department/Federal/Georgia%20ESEA%20Flexibitity%20Waiver.pdf
http://www.camden.k12.ga.us/UserFiles/Servers/Server_319837/File/Strategic%20Plan/Action%20Plans/FY17%20Action%20Plan%20Workbook%20REVISED%2011-16-16.pdf
http://www.camden.k12.ga.us/back_to_school
http://www.camden.k12.ga.us/cms/One.aspx?portalId=319921&pageId=13267608
http://www.camden.k12.ga.us/departments
http://www.camden.k12.ga.us/departments/finance/direct_deposit_faq_s
http://www.camden.k12.ga.us/departments/finance/direct_deposit_faq_s/q1_answer/q12_answer
http://www.camden.k12.ga.us/departments/finance/direct_deposit_faq_s/q1_answer/q13_answer
http://www.camden.k12.ga.us/departments/finance/direct_deposit_faq_s/q1_answer/q16_answer
http://www.camden.k12.ga.us/departments/fine_arts
http://www.camden.k12.ga.us/departments/fine_arts/about_our_programs_
http://www.camden.k12.ga.us/departments/fine_arts/the_c_c_h_s_fine_arts_academy_2016-2017_season_
http://www.camden.k12.ga.us/departments/human_resources
http://www.camden.k12.ga.us/departments/human_resources/communications/career_fairs
http://www.camden.k12.ga.us/departments/human_resources/communications/district_news_submission_form
http://www.camden.k12.ga.us/departments/human_resources/communications/employee_recognition_donor_program
http://www.camden.k12.ga.us/departments/human_resources/communications/severe_weather_protocol
http://www.camden.k12.ga.us/departments/human_resources/t_e_a_c_h_e_r_o_f_t_h_e_y_e_a_r
http://www.camden.k12.ga.us/departments/operations
http://www.camden.k12.ga.us/departments/operations/operations___facilities
http://www.camden.k12.ga.us/departments/operations/school_nutrition_department
http://www.camden.k12.ga.us/departments/operations/school_nutrition_department/nutrition_education
http://www.camden.k12.ga.us/departments/operations/school_nutrition_department/nutrition_education/parent_nutrition
http://www.camden.k12.ga.us/departments/operations/transportation_
http://www.camden.k12.ga.us/departments/teaching___learning/career__technical__and_agricultural_education
http://www.camden.k12.ga.us/departments/teaching___learning/extended_day_care
http://www.camden.k12.ga.us/departments/teaching___learning/federal_programs___special_projects
http://www.camden.k12.ga.us/departments/teaching___learning/federal_programs___special_projects/camden_county_teacher_of_the_year_
http://www.camden.k12.ga.us/departments/teaching___learning/federal_programs___special_projects/gifted_program
http://www.camden.k12.ga.us/departments/teaching___learning/federal_programs___special_projects/title_i-_disadvantaged_children
http://www.camden.k12.ga.us/departments/teaching___learning/instruction___curriculum
http://www.camden.k12.ga.us/departments/teaching___learning/instruction___curriculum/section_504
http://www.camden.k12.ga.us/departments/teaching___learning/instruction___curriculum/young_georgia_authors
http://www.camden.k12.ga.us/departments/teaching___learning/library_media_program
http://www.camden.k12.ga.us/departments/teaching___learning/library_media_program/library_media_technical_links
http://www.camden.k12.ga.us/departments/teaching___learning/library_media_program/professional_links
http://www.camden.k12.ga.us/departments/teaching___learning/library_media_program/standards__policies_and_procedures
http://www.camden.k12.ga.us/departments/teaching___learning/secondary_instruction__6-12_
http://www.camden.k12.ga.us/departments/teaching___learning/special_education/instructional_specialists
http://www.camden.k12.ga.us/departments/teaching___learning/special_education/school_psychologists
http://www.camden.k12.ga.us/departments/teaching___learning/special_education/special_education_forms
http://www.camden.k12.ga.us/departments/teaching___learning/student_services
http://www.camden.k12.ga.us/departments/teaching___learning/student_services/school_social_work
http://www.camden.k12.ga.us/district
http://www.camden.k12.ga.us/district/about_us
http://www.camden.k12.ga.us/district/board_policy
http://www.camden.k12.ga.us/district/board_policy/focus_area_1__high_academic_achievement
http://www.camden.k12.ga.us/district/board_policy/focus_area_4__effective__efficient_operations
http://www.camden.k12.ga.us/district/five_strategic_focus_areas
http://www.camden.k12.ga.us/district/superintendent
http://www.camden.k12.ga.us/for_parents
http://www.camden.k12.ga.us/for_parents/school_supply_lists
http://www.camden.k12.ga.us/news
http://www.camden.k12.ga.us/news/middle_and_high_school_news
http://www.camden.k12.ga.us/news/what_s_new
http://www.camden.k12.ga.us/news/what_s_new/mlces_counselor_named_to_gsca_board
http://www.camden.k12.ga.us/news/what_s_new/st__marys_middle_students_change_trash_to_treasure
http://www.camden.k12.ga.us/parents
http://www.camden.k12.ga.us/parents/elemetary_school_parents/georgia_milestones
http://www.camden.k12.ga.us/parents/elemetary_school_parents/gifted__talented_program
http://www.camden.k12.ga.us/parents/elemetary_school_parents/immunizations
http://www.camden.k12.ga.us/parents/elemetary_school_parents/pbispositive_behavioral_interventions_and_supports
http://www.camden.k12.ga.us/parents/elemetary_school_parents/special_education
http://www.camden.k12.ga.us/parents/high_school_parents/cchs_academy_faqs
http://www.camden.k12.ga.us/parents/military_parents
http://www.camden.k12.ga.us/parents/power_school/power_school_101__accessing_e_o_g__e_o_c_results
http://www.camden.k12.ga.us/parents/pre_k_parents
http://www.camden.k12.ga.us/quick_links
http://www.camden.k12.ga.us/quick_links/community_resources
http://www.camden.k12.ga.us/staff
http://www.camden.k12.ga.us/staff/benefits
http://www.camden.k12.ga.us/staff/password_portal
http://www.camden.k12.ga.us/staff/spiceworks__formerly_schooldude_
http://www.camden.k12.ga.us/staff_directory
http://www.camden.k12.ga.us/strategic_plan
http://www.camden.k12.ga.us/strategic_plan/school_safety_and_response_plan/school_safety_plan__response
http://www.camden.k12.ga.us/strategic_plan/sources_of_strength
http://www.camden.k12.ga.us/students
http://www.camden.k12.ga.us/students/georgia_student_health_survey/?portalId=319921&pageId=24944828&objectId.264191=25047124&contextId.264191=25047123
http://www.camden.k12.ga.us/students/military_students
http://www.camden.k12.ga.us/students/power_school
http://www.camden.k12.ga.us/virtual_learners
https://www.camden.k12.ga.us/UserFiles/Servers/Server_319837/File/20-21%20Docs/2020%20RESOURCE%20DIRECTORY.pdf
https://www.camden.k12.ga.us/UserFiles/Servers/Server_319837/File/20-21%20Docs/CCS%20Path%20to%20Recovery%20for%20K-12%20Schools%208-6-20.pdf
https://www.camden.k12.ga.us/UserFiles/Servers/Server_319837/File/20-21%20Docs/CLIP%20Presentation%20-%20Steering%20Committee.pdf
https://www.camden.k12.ga.us/UserFiles/Servers/Server_319837/File/20-21%20Docs/FY%2022%20Camden%20Safe%20Schools%20Opening%20Plan.pdf
https://www.camden.k12.ga.us/UserFiles/Servers/Server_319837/File/20-21%20Docs/Impact%20Aid%20Brochure%20for%20Web.pdf
https://www.camden.k12.ga.us/UserFiles/Servers/Server_319837/File/20-21%20Docs/Understanding%20Policy%20IHA%20and%20EOC%20weighting%20Revised%20Dec11%20(003).pdf
https://www.camden.k12.ga.us/UserFiles/Servers/Server_319837/File/Bids%20&%20Quotations/Contractors/CCHS%209th%20Grade%20HVAC%2000020%20%20ITB%20-%20ESSER.pdf
https://www.camden.k12.ga.us/UserFiles/Servers/Server_319837/File/Bids%20&%20Quotations/Contractors/Camden%20County%20MS%20Roofing%20replacement%20CM%20RFP%2018%20May%202023.pdf
https://www.camden.k12.ga.us/UserFiles/Servers/Server_319837/File/Bids%20&%20Quotations/Contractors/David%20L.%20Rainer%20ES%20School%20Renovations%20and%20Modifications%20CM%20RFP%2018%20May%202023.pdf
https://www.camden.k12.ga.us/UserFiles/Servers/Server_319837/File/Bids%20&%20Quotations/Contractors/Kingsland%20ES%20School%20Renovations%20and%20Modifications%20CM%20RFP%2018%20May%202023.pdf
https://www.camden.k12.ga.us/UserFiles/Servers/Server_319837/File/Bids/CCS%20Safe%20Reopening%20Plan%20REV.%207-29-21.pdf
https://www.camden.k12.ga.us/UserFiles/Servers/Server_319837/File/Bids/CMS%20%20ITB.PDF
https://www.camden.k12.ga.us/UserFiles/Servers/Server_319837/File/Bids/DLR%20Network%20Upgrade%20RFP.pdf
https://www.camden.k12.ga.us/UserFiles/Servers/Server_319837/File/Bids/SAN%20RFP%20FY21.pdf
https://www.camden.k12.ga.us/UserFiles/Servers/Server_319837/File/CCHS%20%20Renovation%20%20ITB.PDF
https://www.camden.k12.ga.us/UserFiles/Servers/Server_319837/File/CCS%20Notice%20School%20Closures.pdf
https://www.camden.k12.ga.us/UserFiles/Servers/Server_319837/File/DPH-Form-3300-080813.pdf
https://www.camden.k12.ga.us/UserFiles/Servers/Server_319837/File/Department/ACCREDITATION/22914_Camden%20County%20High%20School%20203962%20AER%20Final_1529950517.pdf
https://www.camden.k12.ga.us/UserFiles/Servers/Server_319837/File/Department/Extended%20Day%20Program/EDP%20Parent%20Brochure%202017-18.pdf
https://www.camden.k12.ga.us/UserFiles/Servers/Server_319837/File/Department/Extended%20Day%20Program/EDP%20Parent%20Handbook.pdf
https://www.camden.k12.ga.us/UserFiles/Servers/Server_319837/File/Department/Federal/Camden%20County%20Schools%20ESOL%20Overview.pdf
https://www.camden.k12.ga.us/UserFiles/Servers/Server_319837/File/Department/Finance/rfp.auditors.2021.pdf
https://www.camden.k12.ga.us/UserFiles/Servers/Server_319837/File/Department/media/Accrediting%20Standards.pdf
https://www.camden.k12.ga.us/UserFiles/Servers/Server_319837/File/Department/media/Flexible%20Scheduling.docx
https://www.camden.k12.ga.us/UserFiles/Servers/Server_319837/File/Department/media/Internet%20Acceptable%20Use%20Policy%20IFBG.pdf
https://www.camden.k12.ga.us/UserFiles/Servers/Server_319837/File/Department/media/You%20Are%20the%20Key.pdf
https://www.camden.k12.ga.us/UserFiles/Servers/Server_319837/File/District/Youth%20Softball%20Camp%20Flyer%202018.pdf
https://www.camden.k12.ga.us/UserFiles/Servers/Server_319837/File/FY24/Homepage/News%20&%20Announcements/Camden%202023%20NOTICE%20OF%20PROPERTY%20TAX%20INCREASE%20&%202023%20Digest%20&%205%20Year%20History.pdf
https://www.camden.k12.ga.us/UserFiles/Servers/Server_319837/File/Media%20Release%20-%20Camden%20Co%20FY%2017%20CCRPI%20Scores%2011-2-17.pdf
https://www.camden.k12.ga.us/UserFiles/Servers/Server_319837/File/Media%20Release%20-%20FY%2019%20CCRPI%20Scores%20Released.pdf
https://www.camden.k12.ga.us/UserFiles/Servers/Server_319837/File/PIRR%20Folder/Media%20Release%20-%20Hardin%20Bio%203-7-19.pdf
https://www.camden.k12.ga.us/UserFiles/Servers/Server_319837/File/SAN%20RFP%20FY21%20-%20Q&A.pdf
https://www.camden.k12.ga.us/UserFiles/Servers/Server_319837/File/parents/Kindergarten%20Registration%20Information/High%20School%20Parents/Chromebook%20Initative/Frequently%20Asked%20Questions.pdf
https://www.camden.k12.ga.us/UserFiles/Servers/Server_319837/File/parents/PowerSchool/Creating%20a%20New%20Account.pdf
https://www.camden.k12.ga.us/UserFiles/Servers/Server_319837/File/press%20release%20for%202017%20millage.pdf
https://www.camden.k12.ga.us/UserFiles/Servers/Server_319837/Image/2019-2020/FY20.Action.Plans.Workbook.Revised.10.01.19.pdf
https://www.camden.k12.ga.us/UserFiles/Servers/Server_319837/Image/Departments/Extended%20Day%20Care/EDP%20WebLink%20Parent%20Handbook%20FY21.pdf
https://www.camden.k12.ga.us/UserFiles/Servers/Server_319837/Image/Strategic%20Plan/FY19%20Action%20Plans%20Workbook%20-%20REVISED%208-15-18.pdf
https://www.camden.k12.ga.us/UserFiles/Servers/Server_322042/File/Draft%20MLCES%20PFEP%20FY22.pdf
https://www.camden.k12.ga.us/UserFiles/Servers/Server_322042/File/MLCES%20Student%20Handbook%20-%20Online%20Version.pdf
https://www.camden.k12.ga.us/UserFiles/Servers/Server_322042/File/MLCES%20Student%20Handbook.pdf
https://www.camden.k12.ga.us/alerts/lib/inflate
https://www.camden.k12.ga.us/cms/One.aspx?ctl00_ContentPlaceHolder1_ctl09_cp_rgSubServerList_ctl00_ctl12_scp_rgLmsItemsChangePage=1&ctl00_ContentPlaceHolder1_ctl09_cp_rgSubServerList_ctl00_ctl22_scp_rgLmsItemsChangePage=1&ctl00_ContentPlaceHolder1_ctl09_cp_rgSubServerList_ctl00_ctl06_scp_rgWorkspaceItemsChangePage=2&portalId=319921&ctl00_ContentPlaceHolder1_ctl09_cp_scpCurrent_rgWorkspaceItemsChangePage=1&ctl00_ContentPlaceHolder1_ctl09_cp_rgSubServerList_ctl00_ctl16_scp_rgWorkspaceItemsChangePage=2&ctl00_ContentPlaceHolder1_ctl09_cp_rgSubServerList_ctl00_ctl08_scp_rgLmsItemsChangePage=2&pageId=319942&ctl00_ContentPlaceHolder1_ctl09_cp_scpCurrent_rgLmsItemsChangePage=2&returnTo=319995&objectId.35209=319995&contextId.35209=319994&parentId.35209=319995&action.35209=import&objectType.35209=workspace_calendar
https://www.camden.k12.ga.us/cms/One.aspx?ctl00_ContentPlaceHolder1_ctl09_cp_rgSubServerList_ctl00_ctl12_scp_rgLmsItemsChangePage=1&ctl00_ContentPlaceHolder1_ctl09_cp_rgSubServerList_ctl00_ctl22_scp_rgLmsItemsChangePage=1&portalId=319921&ctl00_ContentPlaceHolder1_ctl09_cp_rgSubServerList_ctl00_ctl04_scp_rgLmsItemsChangePage=2&ctl00_ContentPlaceHolder1_ctl09_cp_rgSubServerList_ctl00_ctl16_scp_rgWorkspaceItemsChangePage=2&ctl00_ContentPlaceHolder1_ctl09_cp_scpCurrent_rgLmsItemsChangePage=1&ctl00_ContentPlaceHolder1_ctl09_cp_rgSubServerList_ctl00_ctl10_scp_rgLmsItemsChangePage=2&pageId=319942&returnTo=319995&objectId.35209=319995&contextId.35209=319994&parentId.35209=319995&action.35209=import&objectType.35209=workspace_calendar
https://www.camden.k12.ga.us/cms/One.aspx?ctl00_ContentPlaceHolder1_ctl09_cp_rgSubServerList_ctl00_ctl12_scp_rgLmsItemsChangePage=1&ctl00_ContentPlaceHolder1_ctl10_cp_rgSubServerList_ctl00_ctl16_scp_rgWorkspaceItemsChangePage=2&ctl00_ContentPlaceHolder1_ctl09_cp_rgSubServerListChangePage=1&portalId=319921&ctl00_ContentPlaceHolder1_ctl09_cp_rgSubServerList_ctl00_ctl06_scp_rgLmsItemsChangePage=2&ctl00_ContentPlaceHolder1_ctl09_cp_scpCurrent_rgWorkspaceItemsChangePage=1&ctl00_ContentPlaceHolder1_ctl09_cp_rgSubServerList_ctl00_ctl16_scp_rgWorkspaceItemsChangePage=2&ctl00_ContentPlaceHolder1_ctl09_cp_scpCurrent_rgLmsItemsChangePage=1&ctl00_ContentPlaceHolder1_ctl09_cp_rgSubServerList_ctl00_ctl20_scp_rgLmsItemsChangePage=1&pageId=319942&returnTo=319995&objectId.35209=319995&contextId.35209=319994&parentId.35209=319995&action.35209=add&objectType.35209=workspace_event&currentDate=
https://www.camden.k12.ga.us/cms/One.aspx?ctl00_ContentPlaceHolder1_ctl09_cp_rgSubServerList_ctl00_ctl12_scp_rgLmsItemsChangePage=1&ctl00_ContentPlaceHolder1_ctl10_cp_rgSubServerList_ctl00_ctl16_scp_rgWorkspaceItemsChangePage=2&ctl00_ContentPlaceHolder1_ctl09_cp_rgSubServerList_ctl00_ctl14_scp_rgLmsItemsChangePage=2&ctl00_ContentPlaceHolder1_ctl09_cp_rgSubServerListChangePage=1&portalId=319921&ctl00_ContentPlaceHolder1_ctl09_cp_rgSubServerList_ctl00_ctl06_scp_rgLmsItemsChangePage=2&ctl00_ContentPlaceHolder1_ctl09_cp_rgSubServerList_ctl00_ctl16_scp_rgWorkspaceItemsChangePage=2&pageId=319942&returnTo=319995&objectId.35209=319995&contextId.35209=319994&parentId.35209=319995&action.35209=add&objectType.35209=workspace_event&currentDate=
https://www.camden.k12.ga.us/cms/One.aspx?ctl00_ContentPlaceHolder1_ctl09_cp_rgSubServerList_ctl00_ctl12_scp_rgLmsItemsChangePage=1&ctl00_ContentPlaceHolder1_ctl10_cp_rgSubServerList_ctl00_ctl16_scp_rgWorkspaceItemsChangePage=2&ctl00_ContentPlaceHolder1_ctl09_cp_rgSubServerList_ctl00_ctl22_scp_rgLmsItemsChangePage=1&portalId=319921&ctl00_ContentPlaceHolder1_ctl09_cp_rgSubServerList_ctl00_ctl06_scp_rgLmsItemsChangePage=1&ctl00_ContentPlaceHolder1_ctl09_cp_rgSubServerList_ctl00_ctl16_scp_rgWorkspaceItemsChangePage=2&ctl00_ContentPlaceHolder1_ctl09_cp_scpCurrent_rgLmsItemsChangePage=2&pageId=319942&returnTo=319995&objectId.35209=319995&contextId.35209=319994&parentId.35209=319995&action.35209=add&objectType.35209=workspace_event&currentDate=
https://www.camden.k12.ga.us/cms/One.aspx?ctl00_ContentPlaceHolder1_ctl09_cp_rgSubServerList_ctl00_ctl12_scp_rgLmsItemsChangePage=1&portalId=319921&ctl00_ContentPlaceHolder1_ctl09_cp_rgSubServerList_ctl00_ctl18_scp_rgWorkspaceItemsChangePage=2&ctl00_ContentPlaceHolder1_ctl09_cp_rgSubServerList_ctl00_ctl16_scp_rgWorkspaceItemsChangePage=1&ctl00_ContentPlaceHolder1_ctl09_cp_rgSubServerList_ctl00_ctl18_scp_rgLmsItemsChangePage=2&pageId=319942&returnTo=319995&objectId.35209=319995&contextId.35209=319994&parentId.35209=319995&action.35209=import&objectType.35209=workspace_calendar
https://www.camden.k12.ga.us/cms/One.aspx?ctl00_ContentPlaceHolder1_ctl09_cp_rgSubServerList_ctl00_ctl12_scp_rgLmsItemsChangePage=2&ctl00_ContentPlaceHolder1_ctl09_cp_rgSubServerList_ctl00_ctl14_scp_rgLmsItemsChangePage=1&ctl00_ContentPlaceHolder1_ctl09_cp_rgSubServerList_ctl00_ctl22_scp_rgLmsItemsChangePage=1&portalId=319921&ctl00_ContentPlaceHolder1_ctl09_cp_scpCurrent_rgWorkspaceItemsChangePage=2&ctl00_ContentPlaceHolder1_ctl09_cp_rgSubServerList_ctl00_ctl16_scp_rgWorkspaceItemsChangePage=2&ctl00_ContentPlaceHolder1_ctl09_cp_rgSubServerList_ctl00_ctl10_scp_rgLmsItemsChangePage=1&pageId=319942&returnTo=319995&objectId.35209=319995&contextId.35209=319994&parentId.35209=319995&action.35209=add&objectType.35209=workspace_event&currentDate=
https://www.camden.k12.ga.us/cms/One.aspx?ctl00_ContentPlaceHolder1_ctl09_cp_rgSubServerList_ctl00_ctl12_scp_rgLmsItemsChangePage=2&ctl00_ContentPlaceHolder1_ctl09_cp_rgSubServerList_ctl00_ctl14_scp_rgLmsItemsChangePage=2&ctl00_ContentPlaceHolder1_ctl09_cp_rgSubServerList_ctl00_ctl22_scp_rgLmsItemsChangePage=1&portalId=319921&ctl00_ContentPlaceHolder1_ctl09_cp_rgSubServerList_ctl00_ctl16_scp_rgWorkspaceItemsChangePage=2&ctl00_ContentPlaceHolder1_ctl09_cp_scpCurrent_rgLmsItemsChangePage=2&pageId=319942&returnTo=319995&objectId.35209=319995&contextId.35209=319994&parentId.35209=319995&action.35209=import&objectType.35209=workspace_calendar
https://www.camden.k12.ga.us/cms/One.aspx?ctl00_ContentPlaceHolder1_ctl09_cp_rgSubServerList_ctl00_ctl12_scp_rgLmsItemsChangePage=2&ctl00_ContentPlaceHolder1_ctl09_cp_rgSubServerList_ctl00_ctl14_scp_rgWorkspaceItemsChangePage=1&ctl00_ContentPlaceHolder1_ctl09_cp_rgSubServerList_ctl00_ctl22_scp_rgLmsItemsChangePage=2&portalId=319921&ctl00_ContentPlaceHolder1_ctl09_cp_rgSubServerList_ctl00_ctl06_scp_rgLmsItemsChangePage=2&ctl00_ContentPlaceHolder1_ctl09_cp_scpCurrent_rgWorkspaceItemsChangePage=2&ctl00_ContentPlaceHolder1_ctl09_cp_rgSubServerList_ctl00_ctl16_scp_rgWorkspaceItemsChangePage=2&pageId=319942&returnTo=319995&objectId.35209=319995&contextId.35209=319994&parentId.35209=319995&action.35209=import&objectType.35209=workspace_calendar
https://www.camden.k12.ga.us/cms/One.aspx?ctl00_ContentPlaceHolder1_ctl09_cp_rgSubServerList_ctl00_ctl12_scp_rgLmsItemsChangePage=2&ctl00_ContentPlaceHolder1_ctl09_cp_rgSubServerList_ctl00_ctl22_scp_rgLmsItemsChangePage=1&portalId=319921&ctl00_ContentPlaceHolder1_ctl09_cp_rgSubServerList_ctl00_ctl20_scp_rgWorkspaceItemsChangePage=1&ctl00_ContentPlaceHolder1_ctl09_cp_rgSubServerList_ctl00_ctl16_scp_rgWorkspaceItemsChangePage=1&ctl00_ContentPlaceHolder1_ctl09_cp_rgSubServerList_ctl00_ctl10_scp_rgLmsItemsChangePage=1&pageId=319942&ctl00_ContentPlaceHolder1_ctl09_cp_scpCurrent_rgLmsItemsChangePage=1&returnTo=319995&objectId.35209=319995&contextId.35209=319994&parentId.35209=319995&action.35209=import&objectType.35209=workspace_calendar
https://www.camden.k12.ga.us/cms/One.aspx?ctl00_ContentPlaceHolder1_ctl09_cp_rgSubServerList_ctl00_ctl12_scp_rgLmsItemsChangePage=2&ctl00_ContentPlaceHolder1_ctl09_cp_rgSubServerList_ctl00_ctl22_scp_rgLmsItemsChangePage=1&portalId=319921&ctl00_ContentPlaceHolder1_ctl09_cp_scpCurrent_rgWorkspaceItemsChangePage=1&ctl00_ContentPlaceHolder1_ctl09_cp_rgSubServerList_ctl00_ctl04_scp_rgLmsItemsChangePage=1&ctl00_ContentPlaceHolder1_ctl09_cp_rgSubServerList_ctl00_ctl16_scp_rgWorkspaceItemsChangePage=2&ctl00_ContentPlaceHolder1_ctl09_cp_rgSubServerList_ctl00_ctl10_scp_rgLmsItemsChangePage=1&pageId=319942&returnTo=319995&objectId.35209=319995&contextId.35209=319994&parentId.35209=319995&action.35209=import&objectType.35209=workspace_calendar
https://www.camden.k12.ga.us/cms/One.aspx?ctl00_ContentPlaceHolder1_ctl09_cp_rgSubServerList_ctl00_ctl12_scp_rgLmsItemsChangePage=2&ctl00_ContentPlaceHolder1_ctl09_cp_rgSubServerList_ctl00_ctl22_scp_rgLmsItemsChangePage=1&portalId=319921&ctl00_ContentPlaceHolder1_ctl09_cp_scpCurrent_rgWorkspaceItemsChangePage=1&ctl00_ContentPlaceHolder1_ctl09_cp_rgSubServerList_ctl00_ctl04_scp_rgLmsItemsChangePage=2&ctl00_ContentPlaceHolder1_ctl09_cp_rgSubServerList_ctl00_ctl16_scp_rgWorkspaceItemsChangePage=2&ctl00_ContentPlaceHolder1_ctl09_cp_rgSubServerList_ctl00_ctl10_scp_rgLmsItemsChangePage=1&pageId=319942&returnTo=319995&objectId.35209=319995&contextId.35209=319994&parentId.35209=319995&action.35209=import&objectType.35209=workspace_calendar
https://www.camden.k12.ga.us/cms/One.aspx?ctl00_ContentPlaceHolder1_ctl09_cp_rgSubServerList_ctl00_ctl12_scp_rgLmsItemsChangePage=2&ctl00_ContentPlaceHolder1_ctl09_cp_rgSubServerList_ctl00_ctl22_scp_rgLmsItemsChangePage=2&ctl00_ContentPlaceHolder1_ctl09_cp_rgSubServerList_ctl00_ctl06_scp_rgWorkspaceItemsChangePage=2&portalId=319921&ctl00_ContentPlaceHolder1_ctl09_cp_rgSubServerListChangePage=2&ctl00_ContentPlaceHolder1_ctl09_cp_scpCurrent_rgWorkspaceItemsChangePage=1&ctl00_ContentPlaceHolder1_ctl09_cp_rgSubServerList_ctl00_ctl16_scp_rgWorkspaceItemsChangePage=2&ctl00_ContentPlaceHolder1_ctl09_cp_scpCurrent_rgLmsItemsChangePage=2&pageId=319942&returnTo=319995&objectId.35209=319995&contextId.35209=319994&parentId.35209=319995&action.35209=import&objectType.35209=workspace_calendar
https://www.camden.k12.ga.us/cms/One.aspx?ctl00_ContentPlaceHolder1_ctl09_cp_rgSubServerList_ctl00_ctl12_scp_rgLmsItemsChangePage=2&ctl00_ContentPlaceHolder1_ctl09_cp_rgSubServerList_ctl00_ctl22_scp_rgLmsItemsChangePage=2&portalId=319921&ctl00_ContentPlaceHolder1_ctl09_cp_rgSubServerList_ctl00_ctl06_scp_rgLmsItemsChangePage=2&ctl00_ContentPlaceHolder1_ctl09_cp_rgSubServerList_ctl00_ctl18_scp_rgWorkspaceItemsChangePage=1&ctl00_ContentPlaceHolder1_ctl09_cp_rgSubServerList_ctl00_ctl16_scp_rgWorkspaceItemsChangePage=1&pageId=319942&returnTo=319995&objectId.35209=319995&contextId.35209=319994&parentId.35209=319995&action.35209=import&objectType.35209=workspace_calendar
https://www.camden.k12.ga.us/cms/One.aspx?ctl00_ContentPlaceHolder1_ctl09_cp_rgSubServerList_ctl00_ctl12_scp_rgLmsItemsChangePage=2&ctl00_ContentPlaceHolder1_ctl09_cp_rgSubServerList_ctl00_ctl22_scp_rgLmsItemsChangePage=2&portalId=319921&ctl00_ContentPlaceHolder1_ctl09_cp_rgSubServerList_ctl00_ctl16_scp_rgWorkspaceItemsChangePage=1&ctl00_ContentPlaceHolder1_ctl09_cp_rgSubServerList_ctl00_ctl10_scp_rgLmsItemsChangePage=2&pageId=319942&returnTo=319995&objectId.35209=319995&contextId.35209=319994&parentId.35209=319995&action.35209=add&objectType.35209=workspace_event&currentDate=
https://www.camden.k12.ga.us/cms/One.aspx?ctl00_ContentPlaceHolder1_ctl09_cp_rgSubServerList_ctl00_ctl22_scp_rgWorkspaceItemsChangePage=1&ctl00_ContentPlaceHolder1_ctl09_cp_rgSubServerList_ctl00_ctl06_scp_rgLmsItemsChangePage=2&ctl00_ContentPlaceHolder1_ctl09_cp_rgSubServerList_ctl00_ctl12_scp_rgLmsItemsChangePage=1&ctl00_ContentPlaceHolder1_ctl09_cp_rgSubServerList_ctl00_ctl14_scp_rgLmsItemsChangePage=2&portalId=319921&ctl00_ContentPlaceHolder1_ctl09_cp_scpCurrent_rgWorkspaceItemsChangePage=1&ctl00_ContentPlaceHolder1_ctl09_cp_rgSubServerList_ctl00_ctl16_scp_rgWorkspaceItemsChangePage=2&ctl00_ContentPlaceHolder1_ctl09_cp_scpCurrent_rgLmsItemsChangePage=1&pageId=319942&returnTo=319995&objectId.35209=319995&contextId.35209=319994&parentId.35209=319995&action.35209=import&objectType.35209=workspace_calendar
https://www.camden.k12.ga.us/cms/One.aspx?ctl00_ContentPlaceHolder1_ctl09_cp_rgSubServerList_ctl00_ctl22_scp_rgWorkspaceItemsChangePage=1&ctl00_ContentPlaceHolder1_ctl09_cp_rgSubServerList_ctl00_ctl12_scp_rgLmsItemsChangePage=2&portalId=319921&ctl00_ContentPlaceHolder1_ctl09_cp_rgSubServerList_ctl00_ctl06_scp_rgLmsItemsChangePage=2&ctl00_ContentPlaceHolder1_ctl09_cp_scpCurrent_rgWorkspaceItemsChangePage=1&ctl00_ContentPlaceHolder1_ctl09_cp_rgSubServerList_ctl00_ctl04_scp_rgLmsItemsChangePage=2&ctl00_ContentPlaceHolder1_ctl09_cp_rgSubServerList_ctl00_ctl16_scp_rgWorkspaceItemsChangePage=2&ctl00_ContentPlaceHolder1_ctl09_cp_scpCurrent_rgLmsItemsChangePage=1&pageId=319942&returnTo=319995&objectId.35209=319995&contextId.35209=319994&parentId.35209=319995&action.35209=add&objectType.35209=workspace_event&currentDate=
https://www.camden.k12.ga.us/cms/One.aspx?ctl00_ContentPlaceHolder1_ctl09_cp_rgSubServerList_ctl00_ctl22_scp_rgWorkspaceItemsChangePage=2&ctl00_ContentPlaceHolder1_ctl09_cp_rgSubServerList_ctl00_ctl12_scp_rgLmsItemsChangePage=2&ctl00_ContentPlaceHolder1_ctl09_cp_rgSubServerList_ctl00_ctl06_scp_rgWorkspaceItemsChangePage=2&portalId=319921&ctl00_ContentPlaceHolder1_ctl09_cp_rgSubServerList_ctl00_ctl06_scp_rgLmsItemsChangePage=2&ctl00_ContentPlaceHolder1_ctl09_cp_rgSubServerList_ctl00_ctl16_scp_rgWorkspaceItemsChangePage=2&pageId=319942&returnTo=319995&objectId.35209=319995&contextId.35209=319994&parentId.35209=319995&action.35209=import&objectType.35209=workspace_calendar
https://www.camden.k12.ga.us/cms/One.aspx?ctl00_ContentPlaceHolder1_ctl09_cp_rgSubServerList_ctl00_ctl22_scp_rgWorkspaceItemsChangePage=2&ctl00_ContentPlaceHolder1_ctl11_cp_rgSubServerList_ctl00_ctl20_scp_rgLmsItemsChangePage=1&ctl00_ContentPlaceHolder1_ctl10_cp_rgSubServerList_ctl00_ctl08_scp_rgLmsItemsChangePage=2&ctl00_ContentPlaceHolder1_ctl09_cp_rgSubServerList_ctl00_ctl12_scp_rgLmsItemsChangePage=1&ctl00_ContentPlaceHolder1_ctl09_cp_rgSubServerList_ctl00_ctl22_scp_rgLmsItemsChangePage=1&ctl00_ContentPlaceHolder1_ctl11_cp_rgSubServerList_ctl00_ctl20_scp_rgWorkspaceItemsChangePage=2&portalId=319921&ctl00_ContentPlaceHolder1_ctl11_cp_scpCurrent_rgLmsItemsChangePage=2&ctl00_ContentPlaceHolder1_ctl11_cp_rgSubServerList_ctl00_ctl12_scp_rgWorkspaceItemsChangePage=2&ctl00_ContentPlaceHolder1_ctl11_cp_rgSubServerList_ctl00_ctl14_scp_rgLmsItemsChangePage=1&ctl00_ContentPlaceHolder1_ctl09_cp_rgSubServerList_ctl00_ctl18_scp_rgWorkspaceItemsChangePage=2&ctl00_ContentPlaceHolder1_ctl09_cp_rgSubServerList_ctl00_ctl16_scp_rgWorkspaceItemsChangePage=1&ctl00_ContentPlaceHolder1_ctl11_cp_rgSubServerList_ctl00_ctl04_scp_rgLmsItemsChangePage=1&pageId=319942&returnTo=319995&objectId.35209=319995&contextId.35209=319994&parentId.35209=319995&action.35209=add&objectType.35209=workspace_event&currentDate=
https://www.camden.k12.ga.us/cms/One.aspx?ctl00_ContentPlaceHolder1_ctl10_cp_rgSubServerList_ctl00_ctl16_scp_rgWorkspaceItemsChangePage=2&ctl00_ContentPlaceHolder1_ctl09_cp_rgSubServerList_ctl00_ctl12_scp_rgLmsItemsChangePage=2&ctl00_ContentPlaceHolder1_ctl09_cp_rgSubServerListChangePage=1&portalId=319921&ctl00_ContentPlaceHolder1_ctl09_cp_rgSubServerList_ctl00_ctl06_scp_rgLmsItemsChangePage=1&ctl00_ContentPlaceHolder1_ctl09_cp_scpCurrent_rgWorkspaceItemsChangePage=1&ctl00_ContentPlaceHolder1_ctl09_cp_rgSubServerList_ctl00_ctl16_scp_rgWorkspaceItemsChangePage=1&ctl00_ContentPlaceHolder1_ctl09_cp_scpCurrent_rgLmsItemsChangePage=2&pageId=319942&returnTo=319995&objectId.35209=319995&contextId.35209=319994&parentId.35209=319995&action.35209=add&objectType.35209=workspace_event&currentDate=
https://www.camden.k12.ga.us/cms/One.aspx?ctl00_ContentPlaceHolder1_ctl10_cp_rgSubServerList_ctl00_ctl16_scp_rgWorkspaceItemsChangePage=2&ctl00_ContentPlaceHolder1_ctl09_cp_rgSubServerList_ctl00_ctl12_scp_rgLmsItemsChangePage=2&ctl00_ContentPlaceHolder1_ctl09_cp_rgSubServerList_ctl00_ctl08_scp_rgLmsItemsChangePage=1&portalId=319921&ctl00_ContentPlaceHolder1_ctl09_cp_rgSubServerList_ctl00_ctl10_scp_rgWorkspaceItemsChangePage=2&ctl00_ContentPlaceHolder1_ctl09_cp_rgSubServerList_ctl00_ctl06_scp_rgLmsItemsChangePage=1&ctl00_ContentPlaceHolder1_ctl09_cp_rgSubServerList_ctl00_ctl16_scp_rgWorkspaceItemsChangePage=2&ctl00_ContentPlaceHolder1_ctl09_cp_scpCurrent_rgLmsItemsChangePage=2&pageId=319942&returnTo=319995&objectId.35209=319995&contextId.35209=319994&parentId.35209=319995&action.35209=import&objectType.35209=workspace_calendar
https://www.camden.k12.ga.us/cms/One.aspx?ctl00_ContentPlaceHolder1_ctl10_cp_rgSubServerList_ctl00_ctl16_scp_rgWorkspaceItemsChangePage=2&ctl00_ContentPlaceHolder1_ctl09_cp_rgSubServerList_ctl00_ctl12_scp_rgLmsItemsChangePage=2&portalId=319921&ctl00_ContentPlaceHolder1_ctl09_cp_rgSubServerList_ctl00_ctl06_scp_rgLmsItemsChangePage=2&ctl00_ContentPlaceHolder1_ctl09_cp_rgSubServerList_ctl00_ctl18_scp_rgWorkspaceItemsChangePage=1&ctl00_ContentPlaceHolder1_ctl09_cp_rgSubServerList_ctl00_ctl16_scp_rgWorkspaceItemsChangePage=2&ctl00_ContentPlaceHolder1_ctl09_cp_scpCurrent_rgLmsItemsChangePage=1&ctl00_ContentPlaceHolder1_ctl09_cp_rgSubServerList_ctl00_ctl18_scp_rgLmsItemsChangePage=2&pageId=319942&returnTo=319995&objectId.35209=319995&contextId.35209=319994&parentId.35209=319995&action.35209=import&objectType.35209=workspace_calendar
https://www.camden.k12.ga.us/cms/One.aspx?ctl00_ContentPlaceHolder1_ctl10_cp_rgSubServerList_ctl00_ctl18_scp_rgWorkspaceItemsChangePage=2&ctl00_ContentPlaceHolder1_ctl09_cp_rgSubServerList_ctl00_ctl12_scp_rgLmsItemsChangePage=1&ctl00_ContentPlaceHolder1_ctl09_cp_rgSubServerList_ctl00_ctl14_scp_rgWorkspaceItemsChangePage=1&ctl00_ContentPlaceHolder1_ctl09_cp_rgSubServerList_ctl00_ctl08_scp_rgLmsItemsChangePage=1&portalId=319921&ctl00_ContentPlaceHolder1_ctl09_cp_rgSubServerList_ctl00_ctl04_scp_rgWorkspaceItemsChangePage=2&ctl00_ContentPlaceHolder1_ctl09_cp_scpCurrent_rgLmsItemsChangePage=2&ctl00_ContentPlaceHolder1_ctl09_cp_rgSubServerList_ctl00_ctl20_scp_rgLmsItemsChangePage=1&pageId=319942&returnTo=319995&objectId.35209=319995&contextId.35209=319994&parentId.35209=319995&action.35209=import&objectType.35209=workspace_calendar
https://www.camden.k12.ga.us/cms/One.aspx?ctl00_ContentPlaceHolder1_ctl10_cp_rgSubServerList_ctl00_ctl18_scp_rgWorkspaceItemsChangePage=2&ctl00_ContentPlaceHolder1_ctl09_cp_rgSubServerList_ctl00_ctl12_scp_rgLmsItemsChangePage=1&ctl00_ContentPlaceHolder1_ctl09_cp_rgSubServerList_ctl00_ctl14_scp_rgWorkspaceItemsChangePage=2&ctl00_ContentPlaceHolder1_ctl09_cp_rgSubServerList_ctl00_ctl08_scp_rgLmsItemsChangePage=1&portalId=319921&ctl00_ContentPlaceHolder1_ctl09_cp_rgSubServerList_ctl00_ctl18_scp_rgWorkspaceItemsChangePage=2&ctl00_ContentPlaceHolder1_ctl09_cp_rgSubServerList_ctl00_ctl04_scp_rgWorkspaceItemsChangePage=2&pageId=319942&returnTo=319995&objectId.35209=319995&contextId.35209=319994&parentId.35209=319995&action.35209=import&objectType.35209=workspace_calendar
https://www.camden.k12.ga.us/cms/One.aspx?ctl00_ContentPlaceHolder1_ctl11_cp_rgSubServerList_ctl00_ctl22_scp_rgLmsItemsChangePage=1&ctl00_ContentPlaceHolder1_ctl09_cp_rgSubServerList_ctl00_ctl22_scp_rgWorkspaceItemsChangePage=2&ctl00_ContentPlaceHolder1_ctl09_cp_rgSubServerList_ctl00_ctl12_scp_rgLmsItemsChangePage=1&ctl00_ContentPlaceHolder1_ctl09_cp_rgSubServerList_ctl00_ctl22_scp_rgLmsItemsChangePage=2&ctl00_ContentPlaceHolder1_ctl09_cp_rgSubServerList_ctl00_ctl06_scp_rgWorkspaceItemsChangePage=1&portalId=319921&ctl00_ContentPlaceHolder1_ctl11_cp_scpCurrent_rgLmsItemsChangePage=2&ctl00_ContentPlaceHolder1_ctl11_cp_rgSubServerList_ctl00_ctl12_scp_rgWorkspaceItemsChangePage=2&ctl00_ContentPlaceHolder1_ctl09_cp_rgSubServerList_ctl00_ctl16_scp_rgWorkspaceItemsChangePage=1&ctl00_ContentPlaceHolder1_ctl09_cp_scpCurrent_rgLmsItemsChangePage=1&pageId=319942&returnTo=319995&objectId.35209=319995&contextId.35209=319994&parentId.35209=319995&action.35209=import&objectType.35209=workspace_calendar
https://www.camden.k12.ga.us/cms/One.aspx?portalId=319921&ctl00_ContentPlaceHolder1_ctl11_cp_rgSubServerList_ctl00_ctl04_scp_rgLmsItemsChangePage=2&pageId=319942&returnTo=319995&ctl00_ContentPlaceHolder1_ctl11_cp_rgSubServerListChangePage=2&objectId.35209=319995&contextId.35209=319994&parentId.35209=319995&action.35209=import&objectType.35209=workspace_calendar
https://www.camden.k12.ga.us/cms/One.aspx?portalId=319921&pageId=13294327
https://www.camden.k12.ga.us/cms/One.aspx?portalId=319921&pageId=2051619
https://www.camden.k12.ga.us/cms/One.aspx?portalId=319921&pageId=2208278
https://www.camden.k12.ga.us/cms/One.aspx?portalId=319921&pageId=28453412
https://www.camden.k12.ga.us/cms/One.aspx?portalId=319921&pageId=33796667
https://www.camden.k12.ga.us/cms/One.aspx?portalId=319921&pageId=36438506
https://www.camden.k12.ga.us/cms/One.aspx?portalId=319921&pageId=37346150
https://www.camden.k12.ga.us/cms/One.aspx?portalId=319921&pageId=448232
https://www.camden.k12.ga.us/cms/One.aspx?portalId=319921&pageId=616481
https://www.camden.k12.ga.us/cms/One.aspx?portalId=319921&pageId=622539
https://www.camden.k12.ga.us/cms/One.aspx?portalId=319921&pageId=7065357
https://www.camden.k12.ga.us/departments/finance/direct_deposit_faq_s/q1_answer/q10_answer
https://www.camden.k12.ga.us/departments/finance/direct_deposit_faq_s/q1_answer/q15_answer
https://www.camden.k12.ga.us/departments/finance/direct_deposit_faq_s/q1_answer/q3_answer
https://www.camden.k12.ga.us/departments/finance/direct_deposit_faq_s/q1_answer/q6_answer
https://www.camden.k12.ga.us/departments/finance/direct_deposit_faq_s/q1_answer/q8_answer
https://www.camden.k12.ga.us/departments/finance/direct_deposit_faq_s/q1_answer/q9_answer
https://www.camden.k12.ga.us/departments/human_resources/communications/career_fairs
https://www.camden.k12.ga.us/departments/human_resources/employment_online_site
https://www.camden.k12.ga.us/departments/operations/operations___facilities/capital_improvements/e_s_p_l_o_s_t_projects
https://www.camden.k12.ga.us/departments/operations/operations___facilities/maintenance
https://www.camden.k12.ga.us/departments/operations/school_nutrition_department/wellness_policy
https://www.camden.k12.ga.us/departments/operations/student_information_systems
https://www.camden.k12.ga.us/departments/teaching___learning/extended_day_care/FY24EDPParentHandbook
https://www.camden.k12.ga.us/departments/teaching___learning/instruction___curriculum/course_of_study
https://www.camden.k12.ga.us/departments/teaching___learning/library_media_program/exemplary_library_media_recognition_program
https://www.camden.k12.ga.us/departments/teaching___learning/library_media_program/georgia_read_more
https://www.camden.k12.ga.us/district/camden_county_schools_balanced_scorecard
https://www.camden.k12.ga.us/district_calendar/?ctl00_ContentPlaceHolder1_ctl09_cp_rgSubServerList_ctl00_ctl14_scp_rgLmsItemsChangePage=2&portalId=319921&ctl00_ContentPlaceHolder1_ctl11_cp_rgSubServerList_ctl00_ctl08_scp_rgLmsItemsChangePage=2&ctl00_ContentPlaceHolder1_ctl11_cp_scpCurrent_rgWorkspaceItemsChangePage=2&ctl00_ContentPlaceHolder1_ctl11_cp_rgSubServerListChangePage=2&ctl00_ContentPlaceHolder1_ctl09_cp_rgSubServerList_ctl00_ctl20_scp_rgLmsItemsChangePage=1&ctl00_ContentPlaceHolder1_ctl11_cp_rgSubServerList_ctl00_ctl14_scp_rgWorkspaceItemsChangePage=2&pageId=319942&ctl00_ContentPlaceHolder1_ctl11_cp_rgSubServerList_ctl00_ctl12_scp_rgLmsItemsChangePage=2&objectId.35209=319995&contextId.35209=319994&parentId.35209=319995&action.35209=import&objectType.35209=workspace_calendar
https://www.camden.k12.ga.us/district_calendar/?ctl00_ContentPlaceHolder1_ctl09_cp_rgSubServerList_ctl00_ctl20_scp_rgLmsItemsChangePage=1&ctl00_ContentPlaceHolder1_ctl09_cp_rgSubServerList_ctl00_ctl06_scp_rgLmsItemsChangePage=1&portalId=319921&ctl00_ContentPlaceHolder1_ctl09_cp_rgSubServerList_ctl00_ctl10_scp_rgWorkspaceItemsChangePage=2&pageId=319942&ctl00_ContentPlaceHolder1_ctl09_cp_rgSubServerList_ctl00_ctl14_scp_rgLmsItemsChangePage=1&ctl00_ContentPlaceHolder1_ctl09_cp_scpCurrent_rgLmsItemsChangePage=2&objectId.35209=319995&contextId.35209=319994&parentId.35209=319995&action.35209=import&objectType.35209=workspace_calendar
https://www.camden.k12.ga.us/district_calendar/?ctl00_ContentPlaceHolder1_ctl09_cp_rgSubServerList_ctl00_ctl20_scp_rgLmsItemsChangePage=1&ctl00_ContentPlaceHolder1_ctl11_cp_rgSubServerList_ctl00_ctl14_scp_rgWorkspaceItemsChangePage=2&portalId=319921&ctl00_ContentPlaceHolder1_ctl11_cp_rgSubServerList_ctl00_ctl08_scp_rgLmsItemsChangePage=2&ctl00_ContentPlaceHolder1_ctl11_cp_rgSubServerList_ctl00_ctl12_scp_rgLmsItemsChangePage=2&pageId=319942&ctl00_ContentPlaceHolder1_ctl09_cp_rgSubServerList_ctl00_ctl14_scp_rgLmsItemsChangePage=2&ctl00_ContentPlaceHolder1_ctl11_cp_rgSubServerListChangePage=1&objectId.35209=319995&contextId.35209=319994&parentId.35209=319995&action.35209=add&objectType.35209=workspace_event&currentDate=
https://www.camden.k12.ga.us/district_calendar/?ctl00_ContentPlaceHolder1_ctl09_cp_rgSubServerList_ctl00_ctl22_scp_rgWorkspaceItemsChangePage=2&ctl00_ContentPlaceHolder1_ctl11_cp_rgSubServerList_ctl00_ctl10_scp_rgLmsItemsChangePage=2&ctl00_ContentPlaceHolder1_ctl09_cp_rgSubServerList_ctl00_ctl12_scp_rgLmsItemsChangePage=2&portalId=319921&ctl00_ContentPlaceHolder1_ctl11_cp_rgSubServerList_ctl00_ctl12_scp_rgWorkspaceItemsChangePage=1&ctl00_ContentPlaceHolder1_ctl09_cp_rgSubServerList_ctl00_ctl20_scp_rgWorkspaceItemsChangePage=2&ctl00_ContentPlaceHolder1_ctl09_cp_rgSubServerList_ctl00_ctl04_scp_rgWorkspaceItemsChangePage=1&ctl00_ContentPlaceHolder1_ctl09_cp_rgSubServerList_ctl00_ctl20_scp_rgLmsItemsChangePage=2&pageId=319942&ctl00_ContentPlaceHolder1_ctl09_cp_scpCurrent_rgLmsItemsChangePage=1&ctl00_ContentPlaceHolder1_ctl11_cp_rgSubServerList_ctl00_ctl12_scp_rgLmsItemsChangePage=2&objectId.35209=319995&contextId.35209=319994&parentId.35209=319995&action.35209=import&objectType.35209=workspace_calendar
https://www.camden.k12.ga.us/district_calendar/?ctl00_ContentPlaceHolder1_ctl11_cp_rgSubServerList_ctl00_ctl10_scp_rgWorkspaceItemsChangePage=2&ctl00_ContentPlaceHolder1_ctl09_cp_rgSubServerList_ctl00_ctl14_scp_rgLmsItemsChangePage=2&ctl00_ContentPlaceHolder1_ctl09_cp_rgSubServerList_ctl00_ctl22_scp_rgLmsItemsChangePage=1&portalId=319921&ctl00_ContentPlaceHolder1_ctl11_cp_rgSubServerList_ctl00_ctl22_scp_rgWorkspaceItemsChangePage=1&ctl00_ContentPlaceHolder1_ctl11_cp_rgSubServerList_ctl00_ctl08_scp_rgWorkspaceItemsChangePage=2&ctl00_ContentPlaceHolder1_ctl11_cp_scpCurrent_rgWorkspaceItemsChangePage=2&ctl00_ContentPlaceHolder1_ctl09_cp_rgSubServerList_ctl00_ctl18_scp_rgLmsItemsChangePage=2&pageId=319942&ctl00_ContentPlaceHolder1_ctl09_cp_rgSubServerList_ctl00_ctl10_scp_rgWorkspaceItemsChangePage=2&objectId.35209=319995&contextId.35209=319994&parentId.35209=319995&action.35209=import&objectType.35209=workspace_calendar
https://www.camden.k12.ga.us/district_calendar/?ctl00_ContentPlaceHolder1_ctl11_cp_rgSubServerList_ctl00_ctl18_scp_rgWorkspaceItemsChangePage=2&portalId=319921&ctl00_ContentPlaceHolder1_ctl11_cp_rgSubServerList_ctl00_ctl06_scp_rgWorkspaceItemsChangePage=2&ctl00_ContentPlaceHolder1_ctl11_cp_scpCurrent_rgWorkspaceItemsChangePage=2&ctl00_ContentPlaceHolder1_ctl11_cp_scpCurrent_rgLmsItemsChangePage=2&pageId=319942&ctl00_ContentPlaceHolder1_ctl09_cp_rgSubServerList_ctl00_ctl14_scp_rgLmsItemsChangePage=2&ctl00_ContentPlaceHolder1_ctl11_cp_rgSubServerList_ctl00_ctl06_scp_rgLmsItemsChangePage=1&objectId.35209=319995&contextId.35209=319994&parentId.35209=319995&action.35209=import&objectType.35209=workspace_calendar
https://www.camden.k12.ga.us/district_calendar/?ctl00_ContentPlaceHolder1_ctl11_cp_rgSubServerList_ctl00_ctl22_scp_rgLmsItemsChangePage=1&ctl00_ContentPlaceHolder1_ctl11_cp_rgSubServerList_ctl00_ctl10_scp_rgLmsItemsChangePage=2&ctl00_ContentPlaceHolder1_ctl09_cp_rgSubServerList_ctl00_ctl06_scp_rgLmsItemsChangePage=2&ctl00_ContentPlaceHolder1_ctl11_cp_scpCurrent_rgLmsItemsChangePage=2&ctl00_ContentPlaceHolder1_ctl11_cp_rgSubServerList_ctl00_ctl18_scp_rgWorkspaceItemsChangePage=2&portalId=319921&ctl00_ContentPlaceHolder1_ctl11_cp_rgSubServerList_ctl00_ctl04_scp_rgWorkspaceItemsChangePage=2&ctl00_ContentPlaceHolder1_ctl11_cp_rgSubServerList_ctl00_ctl12_scp_rgWorkspaceItemsChangePage=2&ctl00_ContentPlaceHolder1_ctl11_cp_scpCurrent_rgWorkspaceItemsChangePage=1&pageId=319942&objectId.35209=319995&contextId.35209=319994&parentId.35209=319995&action.35209=add&objectType.35209=workspace_event&currentDate=
https://www.camden.k12.ga.us/district_calendar/?ctl00_ContentPlaceHolder1_ctl11_cp_rgSubServerList_ctl00_ctl22_scp_rgLmsItemsChangePage=2&ctl00_ContentPlaceHolder1_ctl09_cp_rgSubServerList_ctl00_ctl06_scp_rgLmsItemsChangePage=2&ctl00_ContentPlaceHolder1_ctl11_cp_rgSubServerList_ctl00_ctl04_scp_rgWorkspaceItemsChangePage=2&ctl00_ContentPlaceHolder1_ctl11_cp_rgSubServerList_ctl00_ctl18_scp_rgWorkspaceItemsChangePage=2&portalId=319921&ctl00_ContentPlaceHolder1_ctl11_cp_scpCurrent_rgLmsItemsChangePage=2&ctl00_ContentPlaceHolder1_ctl11_cp_rgSubServerList_ctl00_ctl12_scp_rgWorkspaceItemsChangePage=2&ctl00_ContentPlaceHolder1_ctl11_cp_scpCurrent_rgWorkspaceItemsChangePage=1&pageId=319942&objectId.35209=319995&contextId.35209=319994&parentId.35209=319995&action.35209=add&objectType.35209=workspace_event&currentDate=
https://www.camden.k12.ga.us/district_calendar/?ctl00_ContentPlaceHolder1_ctl12_cp_scpCurrent_rgLmsItemsChangePage=2&portalId=319921&pageId=319942&objectId.35209=319995&contextId.35209=319994&parentId.35209=319995&action.35209=add&objectType.35209=workspace_event&currentDate=
https://www.camden.k12.ga.us/district_calendar/?pageId=319942&ctl00_ContentPlaceHolder1_ctl11_cp_rgSubServerList_ctl00_ctl20_scp_rgLmsItemsChangePage=2&ctl00_ContentPlaceHolder1_ctl09_cp_rgSubServerList_ctl00_ctl14_scp_rgLmsItemsChangePage=2&portalId=319921&ctl00_ContentPlaceHolder1_ctl11_cp_rgSubServerList_ctl00_ctl08_scp_rgLmsItemsChangePage=1&ctl00_ContentPlaceHolder1_ctl11_cp_scpCurrent_rgWorkspaceItemsChangePage=2&ctl00_ContentPlaceHolder1_ctl09_cp_rgSubServerList_ctl00_ctl20_scp_rgLmsItemsChangePage=1&ctl00_ContentPlaceHolder1_ctl11_cp_rgSubServerList_ctl00_ctl14_scp_rgWorkspaceItemsChangePage=2&ctl00_ContentPlaceHolder1_ctl11_cp_rgSubServerList_ctl00_ctl14_scp_rgLmsItemsChangePage=2&ctl00_ContentPlaceHolder1_ctl11_cp_rgSubServerList_ctl00_ctl12_scp_rgLmsItemsChangePage=2&objectId.35209=319995&contextId.35209=319994&parentId.35209=319995&action.35209=import&objectType.35209=workspace_calendar
https://www.camden.k12.ga.us/district_calendar/?portalId=319921&ctl00_ContentPlaceHolder1_ctl09_cp_rgSubServerList_ctl00_ctl08_scp_rgWorkspaceItemsChangePage=2&ctl00_ContentPlaceHolder1_ctl09_cp_rgSubServerList_ctl00_ctl18_scp_rgLmsItemsChangePage=2&ctl00_ContentPlaceHolder1_ctl09_cp_rgSubServerList_ctl00_ctl06_scp_rgWorkspaceItemsChangePage=2&pageId=319942&ctl00_ContentPlaceHolder1_ctl09_cp_rgSubServerList_ctl00_ctl12_scp_rgLmsItemsChangePage=2&ctl00_ContentPlaceHolder1_ctl09_cp_rgSubServerList_ctl00_ctl04_scp_rgWorkspaceItemsChangePage=2&objectId.35209=319995&contextId.35209=319994&parentId.35209=319995&action.35209=add&objectType.35209=workspace_event&currentDate=
https://www.camden.k12.ga.us/district_calendar/?portalId=319921&ctl00_ContentPlaceHolder1_ctl11_cp_rgSubServerList_ctl00_ctl16_scp_rgWorkspaceItemsChangePage=2&ctl00_ContentPlaceHolder1_ctl11_cp_rgSubServerList_ctl00_ctl14_scp_rgWorkspaceItemsChangePage=2&pageId=319942&ctl00_ContentPlaceHolder1_ctl11_cp_rgSubServerList_ctl00_ctl08_scp_rgWorkspaceItemsChangePage=2&ctl00_ContentPlaceHolder1_ctl11_cp_rgSubServerList_ctl00_ctl04_scp_rgLmsItemsChangePage=1&objectId.35209=319995&contextId.35209=319994&parentId.35209=319995&action.35209=import&objectType.35209=workspace_calendar
https://www.camden.k12.ga.us/district_calendar/?portalId=319921&pageId=319942&ctl00_ContentPlaceHolder1_ctl10_cp_rgSubServerListChangePage=2&objectId.35209=319995&contextId.35209=319994&parentId.35209=319995&action.35209=add&objectType.35209=workspace_event&currentDate=
https://www.camden.k12.ga.us/district_calendar/?portalId=319921&pageId=319942&ctl00_ContentPlaceHolder1_ctl10_cp_rgSubServerListChangePage=2&objectId.35209=319995&contextId.35209=319994&parentId.35209=319995&action.35209=import&objectType.35209=workspace_calendar
https://www.camden.k12.ga.us/district_calendar/?portalId=319921&pageId=319942&ctl00_ContentPlaceHolder1_ctl11_cp_rgSubServerList_ctl00_ctl04_scp_rgLmsItemsChangePage=2&objectId.35209=319995&contextId.35209=319994&parentId.35209=319995&action.35209=import&objectType.35209=workspace_calendar
https://www.camden.k12.ga.us/district_calendar/?portalId=319921&pageId=319942&ctl00_ContentPlaceHolder1_ctl11_cp_scpCurrent_rgWorkspaceItemsChangePage=2&objectId.35209=319995&contextId.35209=319994&parentId.35209=319995&action.35209=export&objectType.35209=workspace_calendar
https://www.camden.k12.ga.us/gateway/Login.aspx/1000
https://www.camden.k12.ga.us/gateway/Login.aspx?returnUrl=%2F
https://www.camden.k12.ga.us/gateway/Login.aspx?returnUrl=%2Fdepartments%2Ffinance%2Fh_b_87_law
https://www.camden.k12.ga.us/parents/high_school_parents/recommended_websites
https://www.camden.k12.ga.us/quick_links/georgia_k-12_report_cards/
https://www.camden.k12.ga.us/staff/a_e_s_o_p-_frontline
https://www.camden.k12.ga.us/staff/internet_websites/ga_department_of_education
https://www.camden.k12.ga.us/students/galileo
https://www.camden.k12.ga.us/students/military_students/teen_center
