http://006dddc83267aee4e7f6a627681cdc50sync.pacrpc.ca.v1api.securly.com/
http://useast-www.securly.com/features/safe-social-media
http://www.520e85e06ed6ee842e9e8e61fd1dd61async.pacrpc.euwest.v1api.securly.com/features/any-device-anywhere
https://accounts.securly.com/login/oauth2/mdmclass_login?state=0o82DbHm73HMX7MplIbcFebcrIle1LYnbgKZQmOHFNQ
https://accounts.securly.com/login/oauth2/mdmclass_login?state=5CrE6rkcY9R9wGiIHkNY7wzniBnw7VsRZA0UhywtSh0
https://accounts.securly.com/login/oauth2/mdmclass_login?state=FLVjvUATSsC2QjVbr7nQKxdV4RlxVXSyPN_ok923tSk
https://accounts.securly.com/login/oauth2/mdmclass_login?state=FR5dRRTdVbfChOuTwMULuPTN8tG31-DbAV8O90oCH_I
https://accounts.securly.com/login/oauth2/mdmclass_login?state=G9HRoUurslOJth9weO6fISji9OOfZzQCvsdQwOsUJ88
https://accounts.securly.com/login/oauth2/mdmclass_login?state=I0k4tFXg33MeE0or__kwZ1BRkG61VJxHlXO2mN4edT4
https://accounts.securly.com/login/oauth2/mdmclass_login?state=JRcrkPhqhVyTteIQ_SA2cGusmV6W-mzDMSDWUJIfY6Q
https://accounts.securly.com/login/oauth2/mdmclass_login?state=Q3T3mCC4rmYqNXDq75oTC9IAoh1YAUYBqV7O4BMFShs
https://accounts.securly.com/login/oauth2/mdmclass_login?state=RYt0eZ_XSV_xk80iIhS2PBN3lcluD5JZpZYDStz5D9A
https://accounts.securly.com/login/oauth2/mdmclass_login?state=Sdx9GZIXpokM_yq6vD2mP793_ZXyfhmFK8YHdslIhi0
https://accounts.securly.com/login/oauth2/mdmclass_login?state=dCULzYxw6q_mUCyZ0ce4Oe5khmaNwXvDVIojhnW_-1o
https://accounts.securly.com/login/oauth2/mdmclass_login?state=jyvRJbZ2D-WmmfQXNTFWfFXBksoN2rq5MqCM3Zncrng
https://accounts.securly.com/login/oauth2/mdmclass_login?state=s8Xe_ONi6-I93e0MB-SvXwMGO_UZhM_3XATF9txK_Vk
https://accounts.securly.com/login/oauth2/mdmclass_login?state=sTcHDuOsmqvZlGJnfhcDHZKj7AU_xIstEKEmZFf1VEQ
https://accounts.securly.com/login/oauth2/mdmclass_login?state=tf52E9k2dHKVxiHB6s10TTeVNhEDL7b2ebg6tnGrBn8
https://accounts.securly.com/login/oauth2/mdmclass_login?state=vLWcdg6OIQXnX5eNDAwSAS8U9WzSWi4tH7BIPq2_AZE
https://accounts.securly.com/login/oauth2/mdmclass_login?state=yTrhn5nBzRo9cI-ksGKcYrjwiIAkgptkkEIqDXeosxY
https://accounts.securly.com/login/oauth2/reveal_login?state=1Fpv075vaX77gjLm1XKUj0WTpv0P0C4kWV0RxJyDCok
https://accounts.securly.com/login/oauth2/reveal_login?state=2-mBd7JFZwlTqRJ4nE7xDu1pJSV93zLsk7yMkpKrw7w
https://accounts.securly.com/login/oauth2/reveal_login?state=2JSF6Dnmagd4jcKaCeJq7yDcUugMjPRrFYppkzG0kOk
https://accounts.securly.com/login/oauth2/reveal_login?state=2K-Cx7Gx6HvGka4jLG97mXjbMTVhln7kQgkKnhpKvd8
https://accounts.securly.com/login/oauth2/reveal_login?state=3VWSw7n7Ikx344S4LFAULv8RpDD2m4HCuf3gp-ktU3o
https://accounts.securly.com/login/oauth2/reveal_login?state=6Yub2R2bbx44pVaXNIDt-nLeF8P2pNahGR7ZZHxltLM
https://accounts.securly.com/login/oauth2/reveal_login?state=9l3tCuVEqKoO8AyLoCwwsD2wbV5DnHNCP8tNhAgr5dE
https://accounts.securly.com/login/oauth2/reveal_login?state=AjqVbmGSUITwDnkiP4tVgnhEJeoKHxlYfATRs9IV-G8
https://accounts.securly.com/login/oauth2/reveal_login?state=BGIZywUSsdD5Y5qCpv00IT_wSKIEX5AHHiuJ3mCrVkY
https://accounts.securly.com/login/oauth2/reveal_login?state=BdZCcuvq_hfUXKvm5I5Fb9LjYWVLbxSPKZQ5jzeGzI4
https://accounts.securly.com/login/oauth2/reveal_login?state=EHfNsUc9MIQh2SJLHQ8PZD3oSXP5AoajZSC7vbjYZv4
https://accounts.securly.com/login/oauth2/reveal_login?state=EuVphQSbWIE7Z5ulJAlSIGugHu3cTBQFtk91nfUzv1g
https://accounts.securly.com/login/oauth2/reveal_login?state=GEr56Mz6LoSiE3iYUmoZoxzWzVMb_CDXx7CoKejhRTg
https://accounts.securly.com/login/oauth2/reveal_login?state=K5jPW1Yt1_I21Y-mt4WiVb0ma6ygXx9ZBVK0OvdM_UM
https://accounts.securly.com/login/oauth2/reveal_login?state=KN9rwzcYlAT_Xw6gc--xhBnY9pteYECUsvOUjX9iNsU
https://accounts.securly.com/login/oauth2/reveal_login?state=LTmJTZZCEuL7FGGmq5LgPwaJOoJoQQCMyIGKFYQyWK0
https://accounts.securly.com/login/oauth2/reveal_login?state=N0oViEc6IgLOT2xCb2O3UPHHG8CaUhVzZp99xk3x6fQ
https://accounts.securly.com/login/oauth2/reveal_login?state=N6P-nHJOAs7nYbZ97wMAZpMuUo6GIVCwpXvuxLSsYJI
https://accounts.securly.com/login/oauth2/reveal_login?state=QR-7WMbk7gzmFY5tXOwx-rfnHZjyFI7unXaUzx7LPmI
https://accounts.securly.com/login/oauth2/reveal_login?state=XCfDlzz5M5sdtbHtJ1mHiS0jwgWYW4LO4Y2NZSmzYaY
https://accounts.securly.com/login/oauth2/reveal_login?state=hvSvomtwVXTGaKjQMSxAvtIHz4qnLP6qmeD2WGe1nfA
https://accounts.securly.com/login/oauth2/reveal_login?state=lzWtA8CJSRUgzGsbuOTbTEe3XT6pifE-Pn86spcby3s
https://accounts.securly.com/login/oauth2/reveal_login?state=pgYiLAiaWXlpVnWKOufZmr8UPU9eFt7c69K-29i69vg
https://accounts.securly.com/login/oauth2/reveal_login?state=q2gxQaUDehcVGU0FqAjsLrUNBFccvXsUp46LhC5IsKo
https://accounts.securly.com/login/oauth2/reveal_login?state=r2UUGRfyJjiXPc64PP1MZc-nvbeBXw-VcwmKC_A-_Tc
https://accounts.securly.com/login/oauth2/reveal_login?state=r8XFf2K5fSAwlhB6qQeWiQGJGyg0Zxy2i6Ygy6__7M4
https://accounts.securly.com/login/oauth2/reveal_login?state=xkumzh2Ld-e0WmERIfSlu0OxCSkCEEQDyAfYO-ag6sw
https://accounts.securly.com/login/oauth2/reveal_login?state=z4GB8vEGlksVCXcoz8JAJgG22Z6qQW_QsyH_Y0u3azQ
https://accounts.securly.com/login/oauth2/rhithm_login?State=0iIdx3EJGDEYrYZAoLXf_Yq0sifuU8pdqvabedhBLHs
https://accounts.securly.com/login/oauth2/rhithm_login?State=2-P8dUHJamigEqcyEHonoikYR83uoDWeSxSR8gsqmpo
https://accounts.securly.com/login/oauth2/rhithm_login?State=2K-Cx7Gx6HvGka4jLG97mXjbMTVhln7kQgkKnhpKvd8
https://accounts.securly.com/login/oauth2/rhithm_login?State=6-RBX799E_1Uld5QMmpDxZ_Hq3YQvFGsd6OUyn-Vg9Y
https://accounts.securly.com/login/oauth2/rhithm_login?State=6T2HaKuJ5HPm1_hjCRcHIO7RvL0XhByqs2XUzFk1RJs
https://accounts.securly.com/login/oauth2/rhithm_login?State=9mtgmG2u4l4MVYFMk2DW5e4wZRRAIgMGFWmzSGEaljs
https://accounts.securly.com/login/oauth2/rhithm_login?State=PeIv84GI201mhZXeah7CftO8KGKpKeO7R-U5dIt1OKY
https://accounts.securly.com/login/oauth2/rhithm_login?State=RIwvsIHdo-x899S9UDjNejAEaHorEhhKWNbhfzjdKIc
https://accounts.securly.com/login/oauth2/rhithm_login?State=SfqQgZ3oB1lLFw11Kv1H7i1m6EX8b9mJ0qpYDa9dTEI
https://accounts.securly.com/login/oauth2/rhithm_login?State=Wtzk2-KK3kC2fnas1hJm3PhF0_6l1_GQEhrBQYyTFcI
https://accounts.securly.com/login/oauth2/rhithm_login?State=bsXoVpfGsFUBrXvH3aFuAPZpviYnHRUvwo-61j4FcYQ
https://accounts.securly.com/login/oauth2/rhithm_login?State=cvxXyOKzi3eFDJHakzqZXXpW0r1DA73Q5-tY9mMTdug
https://accounts.securly.com/login/oauth2/rhithm_login?State=ep345Az6-mJYSto79Ao3FmZrbjhiaH0DbwdYg0fFNHQ
https://accounts.securly.com/login/oauth2/rhithm_login?State=mD14InLqZ14pLpwYzO1LnugPYTs337eUML0tkt8p5A0
https://accounts.securly.com/login/oauth2/rhithm_login?State=p2cfQmJ5uDI0LlpcFBx0v2CmSDSPyFCRqD_ibeN-J8Q
https://accounts.securly.com/login/oauth2/rhithm_login?State=pq2Q-eiZL9GlWAkkoOWDu0w2YUhgP-J0x2KaPG99SNU
https://accounts.securly.com/login/oauth2/rhithm_login?State=sfviVQkXjIeYGhlkKcnmpd2h7g7Sz3vRG0EcGbIqXYU
https://accounts.securly.com/login/oauth2/rhithm_login?State=v06Qo6g7QgfPkS9pJIQHYEJETMoP6FRGi5xCCrsb0Wc
https://blog.securly.com/
https://blog.securly.com/01/03/2019/too-much-screen-time-for-kids-7-easy-tips-to-manage-devices-at-home/
https://blog.securly.com/01/03/2020/5-ways-to-stop-cyberbullying/
https://blog.securly.com/01/05/2016/6-pillars-to-successfully-integrate-technology-in-your-11-classroom/
https://blog.securly.com/01/05/2017/5-reasons-why-securly-is-trusted-by-schools-in-4250-states/
https://blog.securly.com/01/06/
https://blog.securly.com/01/08/2016/safe-image-search-resources-for-students/
https://blog.securly.com/01/08/2024/wellness-levels-securly-aware-holistic-support/
https://blog.securly.com/01/11/2024/time-managing-school-web-filter/
https://blog.securly.com/01/18/2024/how-to-know-if-a-digital-hall-pass-is-right-for-your-school/
https://blog.securly.com/01/22/2019/new-devices-at-home-start-a-technology-contract-for-kids/
https://blog.securly.com/01/23/2024/uplift-education-positive-school-culture-student-voice/
https://blog.securly.com/01/24/2017/how-to-be-a-digitally-aware-parent-in-2017/
https://blog.securly.com/01/25/2024/school-safety-plan-improvement/
https://blog.securly.com/01/27/2017/help-your-kids-spend-screen-time-wisely/
https://blog.securly.com/01/30/2023/the-top-5-features-smart-it-directors-look-for-in-a-school-web-filter/
https://blog.securly.com/02/01/2024/carbon-county-k12-web-filter/
https://blog.securly.com/02/02/2017/how-to-balance-trust-and-safety-in-digital-monitoring/
https://blog.securly.com/02/02/2018/helping-teenagers-overcome-the-pressure-of-sports/
https://blog.securly.com/02/07/2024/securly-acquires-edficiency/
https://blog.securly.com/02/10/2016/parental-control-quick-guide-for-online-safety/
https://blog.securly.com/02/11/2020/5-ways-to-conduct-safe-intruder-drills/
https://blog.securly.com/02/14/2017/the-edtech-revolution/
https://blog.securly.com/02/15/2023/is-your-school-web-filter-good-enough/
https://blog.securly.com/02/23/2017/who-else-is-collecting-data-about-your-children/
https://blog.securly.com/03/01/2016/why-choose-cloud-based-web-filtering/
https://blog.securly.com/03/01/2018/loneliness-and-low-self-esteem-heres-how-you-can-help/
https://blog.securly.com/03/01/2022/securly-acquires-dyknow-to-provide-student-device-and-usage-data-to-k-12-schools/
https://blog.securly.com/03/03/2017/your-digital-citizenship-resource-guide/
https://blog.securly.com/03/04/2020/keeping-students-at-the-center-of-school-emergency-drills/
https://blog.securly.com/03/07/2017/the-first-ever-proxy-less-browser-less-dns-based-ipad-filtering-solution-for-k-12/
https://blog.securly.com/03/08/2017/auditor-has-arrived-our-free-tool-for-bullying-and-self-harm-detection-on-gmail/
https://blog.securly.com/03/11/2019/securly-announces-techpilotlabs-acquisition/
https://blog.securly.com/03/11/2021/video-edtech-savvy-february-edition-firewall-rules-and-proper-dns-architecture/
https://blog.securly.com/03/17/2017/why-we-cant-forget-the-ipad/
https://blog.securly.com/03/20/2020/a-note-from-our-ceo-online-distance-learning-solutions-during-school-closures/
https://blog.securly.com/03/30/2020/distance-learning-tips-during-school-closures/
https://blog.securly.com/04/
https://blog.securly.com/04/09/2015/youtube-safety-mode/
https://blog.securly.com/04/15/2019/how-to-properly-introduce-technology-to-your-kids/
https://blog.securly.com/04/21/2022/securly-acquires-rhithm-to-provide-student-wellness-insights-and-whole-student-support-to-k-12-schools/
https://blog.securly.com/04/23/2019/how-to-boost-responsible-tech-use-in-your-tween/
https://blog.securly.com/04/23/2020/do-you-still-use-an-on-site-filtering-appliance/
https://blog.securly.com/04/24/2020/what-makes-securly-the-perfect-choice-for-ipads/
https://blog.securly.com/04/24/2022/gain-unprecedented-visibility-into-k-12-student-mental-health-and-wellness/
https://blog.securly.com/04/30/2019/5-screen-free-week-ideas-for-families/
https://blog.securly.com/05/02/2016/8-reasons-why-students-like-securly-web-filtering/
https://blog.securly.com/05/02/2020/
https://blog.securly.com/05/02/2020/remote-filtering-technical-deep-dive-securlys-smartpac-vs-traditional-pac-files-apples-ios-agents/
https://blog.securly.com/05/10/2018/3505/
https://blog.securly.com/05/16/2020/school-dns-filters-a-technical-comparison-of-the-various-approaches-available-on-the-market/
https://blog.securly.com/05/17/2016/the-key-to-a-successful-online-safety-policy/
https://blog.securly.com/05/18/2015/ssl-decryption-without-pac-files/
https://blog.securly.com/05/19/2022/tackling-the-student-mental-health-crisis/
https://blog.securly.com/05/20/2016/safe-kid-friendly-youtube-alternatives/
https://blog.securly.com/06/
https://blog.securly.com/06/03/2015/allowing-teachers-to-control-web-filtering-in-their-school-classroom/
https://blog.securly.com/06/05/2018/popular-teen-apps-parents-need-to-be-aware-of/
https://blog.securly.com/06/11/2019/how-a-fathers-love-reimagined-internet-safety/
https://blog.securly.com/06/13/2016/13-steps-to-shape-secure-your-11-chromebook-program/
https://blog.securly.com/06/17/2016/introducing-auditor-by-securly-a-free-tool-to-keep-students-safe-on-google-mail/
https://blog.securly.com/06/17/2022/cant-hire-enough-school-counselors-how-ai-helps-schools-support-student-mental-health/
https://blog.securly.com/06/19/2018/popular-teen-apps-parents-need-to-know-part-2/
https://blog.securly.com/06/20/
https://blog.securly.com/06/20/2019/5-internet-safety-tips-for-kids/
https://blog.securly.com/06/27/2016/introducing-a-pause-button-for-take-home-devices/
https://blog.securly.com/06/29/2016/meet-our-new-partners-ikeepsafe-the-internet-watch-foundation/
https://blog.securly.com/06/30/2016/introducing-pagescan-our-blacklist-that-learns/
https://blog.securly.com/07/10/2020/securly-announces-logo-refresh-new-logomark-and-accompanying-mascot-that-better-reflect-our-identity/
https://blog.securly.com/07/11/2019/tips-for-creating-digital-boundaries-for-kids/
https://blog.securly.com/07/11/2023/securly-top-40-edtech-tool-for-schools/
https://blog.securly.com/07/14/2020/ai/
https://blog.securly.com/07/18/2023/what-k-12-school-districts-need-to-know-about-student-data-privacy/
https://blog.securly.com/07/22/2019/securly-shares-6-years-of-student-safety-evolution/
https://blog.securly.com/07/31/2023/stronger-connections-grant-explained/
https://blog.securly.com/08/01/2018/securlys-response-to-lightspeed-systems-competitive-study/
https://blog.securly.com/08/05/2015/bullying-and-self-harm-detection/
https://blog.securly.com/08/05/2021/securly-and-windows-the-perfect-match/
https://blog.securly.com/08/10/2018/pagescan-a-deep-dive-into-securlys-url-categorization-technology/
https://blog.securly.com/08/13/2018/a-different-perspective-on-the-state-of-k-12-web-filtering/
https://blog.securly.com/08/14/2018/6-parenting-tips-on-helping-your-child-transition-to-a-new-school/
https://blog.securly.com/08/21/2019/7-ways-to-help-families-manage-back-to-school-stress/
https://blog.securly.com/08/24/2020/nucleus/
https://blog.securly.com/08/26/
https://blog.securly.com/08/27/2020/offline-scheduling-finally-comes-home/
https://blog.securly.com/08/29/2023/atlanta-public-schools-classroom-engagement/
https://blog.securly.com/08/31/2017/securly-600-districts-in-one-month-2m-safer-students/
https://blog.securly.com/09/05/2022/could-teacher-burnout-be-the-next-global-pandemic-2/
https://blog.securly.com/09/06/2023/7-new-securly-classroom-features/
https://blog.securly.com/09/27/2017/10-reasons-why-securly-is-the-best-web-filter/
https://blog.securly.com/10/04/2023/the-10-types-of-cyberbullying/
https://blog.securly.com/10/08/2021/securly-is-bringing-stories-to-parents/
https://blog.securly.com/10/13/2017/guard-yourself-against-these-3-things/
https://blog.securly.com/10/14/2019/8-anonymous-cyberbullying-apps-you-should-know-about/
https://blog.securly.com/10/16/2020/tipline/
https://blog.securly.com/10/19/2016/freedom-of-speech-freedom-to-bully/
https://blog.securly.com/10/19/2023/5-signs-of-cyberbullying/
https://blog.securly.com/10/20/2015/four-ways-for-parents-to-keep-kids-safe-on-youtube/
https://blog.securly.com/10/22/2018/securlys-quarterly-impact-report/
https://blog.securly.com/10/27/2023/3-ways-it-departments-improve-school-family-engagement/
https://blog.securly.com/10/28/2015/how-to-protects-kids-from-cyberbullying/
https://blog.securly.com/11/09/2018/7-ways-to-encourage-mindful-technology-usage-at-home/
https://blog.securly.com/11/11/2015/how-to-improve-google-safesearch-image-results-with-creative-commons/
https://blog.securly.com/11/13/2014/the-utb-show-an-interview-with-securly-co-founder-bharath-madhusudan/
https://blog.securly.com/11/15/2021/securly-among-2021s-top-workplaces-by-charlotte-observer%EF%BF%BC/
https://blog.securly.com/11/15/2021/the-charlotte-observer-names-securly-among-its-top-workplaces-for-2021/
https://blog.securly.com/11/15/2022/student-activity-monitoring-and-analysis-student-privacy-threat-or-potentially-lifesaving-intervention/
https://blog.securly.com/11/23/2023/school-web-filter-chico-unified/
https://blog.securly.com/11/25/2015/safe-kid-friendly-alternatives-to-google-and-youtube/
https://blog.securly.com/12/04/2018/9-holiday-shows-and-movies-and-more-to-inspire-gratitude/
https://blog.securly.com/12/15/2020/reflecting-on-2020-a-year-connections-meant-more-than-ever/
https://blog.securly.com/12/20/2018/9-fun-holiday-activities-for-kids-away-from-the-screen/
https://blog.securly.com/12/23/2016/securlys-year-in-review/
https://blog.securly.com/12/26/2019/securly-concludes-successful-year-of-strategic-acquisitions-groundbreaking-innovations-scale-initiatives-and-company-milestones/
https://blog.securly.com/author/securlyinc/
https://blog.securly.com/category/11-best-practices/
https://blog.securly.com/category/business/
https://blog.securly.com/category/digital-citizenship-tips/
https://blog.securly.com/category/engineering/
https://blog.securly.com/category/internet-safety/
https://blog.securly.com/category/marketing/
https://blog.securly.com/category/new-releases/
https://blog.securly.com/category/security-best-practices/
https://blog.securly.com/category/student-safety/
https://blog.securly.com/category/student-wellness/
https://blog.securly.com/tag/11-devices/
https://blog.securly.com/tag/appliance-web-filtering/
https://blog.securly.com/tag/cipa/
https://blog.securly.com/tag/cloud-based-web-filtering/
https://blog.securly.com/tag/cyberbullying/
https://blog.securly.com/tag/edtech-update/
https://blog.securly.com/tag/filter-youtube/
https://blog.securly.com/tag/funding/
https://blog.securly.com/tag/grants/
https://blog.securly.com/tag/hall-pass/
https://blog.securly.com/tag/online-student-safety/
https://blog.securly.com/tag/parents/
https://blog.securly.com/tag/safe-search/
https://blog.securly.com/tag/safe-youtube/
https://blog.securly.com/tag/school/
https://blog.securly.com/tag/web-filtering-for-schools/
https://blog.securly.com/tag/web-filtering/
https://deviceconsole.securly.com/
https://docs.securly.com/
https://docs.securly.com/docs/activating-lost-mode
https://docs.securly.com/docs/allow-block
https://docs.securly.com/docs/announce
https://docs.securly.com/docs/block-lists
https://docs.securly.com/docs/canvas
https://docs.securly.com/docs/chat
https://docs.securly.com/docs/class-session-summaries
https://docs.securly.com/docs/classes
https://docs.securly.com/docs/classlink
https://docs.securly.com/docs/classroom
https://docs.securly.com/docs/classroom-schools
https://docs.securly.com/docs/closing-tabs-on-student-screens
https://docs.securly.com/docs/combining-classes
https://docs.securly.com/docs/configure-the-lost-device-ou-for-the-kiosk-app
https://docs.securly.com/docs/configuring-lost-mode
https://docs.securly.com/docs/configuring-lost-mode-google-admin
https://docs.securly.com/docs/create-an-ou-in-your-admin-console-for-lost-devices
https://docs.securly.com/docs/creating-web-links
https://docs.securly.com/docs/device-console-users
https://docs.securly.com/docs/enable-api-access-for-securly-in-google-workspace
https://docs.securly.com/docs/excluding-and-including-students-from-a-class
https://docs.securly.com/docs/google-classroom
https://docs.securly.com/docs/hand-raise
https://docs.securly.com/docs/installing-the-securly-classroom-extension-through-google-admin
https://docs.securly.com/docs/integration-with-securly-observe
https://docs.securly.com/docs/ip-ranges
https://docs.securly.com/docs/kiosk-settings
https://docs.securly.com/docs/linking-google-to-classroom
https://docs.securly.com/docs/list-settings
https://docs.securly.com/docs/logging-in
https://docs.securly.com/docs/logging-in-and-out
https://docs.securly.com/docs/lost-chrome-device-recovery
https://docs.securly.com/docs/managing-manual-classes
https://docs.securly.com/docs/monitoring-student-screens
https://docs.securly.com/docs/monitoring-students-with-tab-view
https://docs.securly.com/docs/my-account
https://docs.securly.com/docs/oneroster
https://docs.securly.com/docs/permissions
https://docs.securly.com/docs/pin-a-student
https://docs.securly.com/docs/preventing-guest-mode-and-user-login
https://docs.securly.com/docs/push-rhithm-assessment
https://docs.securly.com/docs/push-url
https://docs.securly.com/docs/recommended-google-admin-settings
https://docs.securly.com/docs/resetting-a-students-google-account-password
https://docs.securly.com/docs/roster-integration-1
https://docs.securly.com/docs/rostered-students
https://docs.securly.com/docs/running-a-class
https://docs.securly.com/docs/saving-a-student-screen
https://docs.securly.com/docs/scheduling-classes
https://docs.securly.com/docs/school-schedule
https://docs.securly.com/docs/schoology
https://docs.securly.com/docs/screen-lock
https://docs.securly.com/docs/security-settings
https://docs.securly.com/docs/set-up-and-get-started
https://docs.securly.com/docs/setting-up-and-managing-ipad-kiosks
https://docs.securly.com/docs/setting-up-printers
https://docs.securly.com/docs/settings
https://docs.securly.com/docs/settings-observe
https://docs.securly.com/docs/share-screen
https://docs.securly.com/docs/site-lock
https://docs.securly.com/docs/starting-a-class-session
https://docs.securly.com/docs/suppressing-noise
https://docs.securly.com/docs/system
https://docs.securly.com/docs/unlock
https://docs.securly.com/docs/viewing-student-history
https://docs.securly.com/docs/web-collections
https://docs.securly.com/docs/web-links-with-dependencies
https://docs.securly.com/docs/welcome
https://docs.securly.com/docs/welcome-observe
https://docs.securly.com/docs/welcome-respond
https://euwest-www.securly.com/safe-search.html
https://flex.securly.com/clogin
https://flex.securly.com/login
https://homesupport.securly.com/hc/en-us/articles/1500008622962-How-to-use-the-Securly-Home-app
https://homesupport.securly.com/hc/en-us/articles/360004924834-How-can-parents-manage-their-child-s-filtering-rules
https://homesupport.securly.com/hc/en-us/articles/360004924834-How-can-parents-manage-their-child-s-filtering-rules-
https://homesupport.securly.com/hc/en-us/articles/360004968473-Why-do-I-need-to-monitor-my-child-
https://homesupport.securly.com/hc/en-us/articles/360004968653-Parent-Portal-Frequently-asked-questions
https://homesupport.securly.com/hc/en-us/articles/360004970693--Why-don-t-I-see-any-blocked-sites-when-I-login-to-the-Parent-Portal
https://homesupport.securly.com/hc/en-us/articles/360004970693--Why-don-t-I-see-any-blocked-sites-when-I-login-to-the-Parent-Portal-
https://homesupport.securly.com/hc/en-us/articles/360009680973-Why-have-I-not-received-the-weekly-activity-report-from-Securly
https://homesupport.securly.com/hc/en-us/articles/360009680973-Why-have-I-not-received-the-weekly-activity-report-from-Securly-
https://idp.securly.com/
https://lounge.securly.com/contact_admin
https://lounge.securly.com/join?remote=true
https://lounge.securly.com/privacy_policy
https://lounge.securly.com/terms_and_conditions
https://pass.securly.com/
https://pass.securly.com/forgotten-password
https://pass.securly.com/kiosk/login
https://pass.securly.com/login
https://pass.securly.com/login/
https://rtqa4www.securly.com/assets/images/Securly_Media_Kit_2019.pdf
https://rtqa4www.securly.com/case-studies/pickens-county
https://rtqa4www.securly.com/events-admin
https://rtqa4www.securly.com/job-description?gh_jid=4982169
https://rtqa4www.securly.com/job-description?gh_jid=5620749
https://rtqa4www.securly.com/job-description?gh_jid=5627521
https://rtqa4www.securly.com/job-description?gh_jid=5661206
https://rtqa4www.securly.com/job-description?gh_jid=5666770
https://rtqawww.securly.com/events-admin
https://sendy.securly.com/l/c8jCi6LtjcaYS0WSFxC1BA/02Ip6Faq4uK1Ps3763iDuijw/phqLnz2F3InsruuZjSU8Hg
https://sprintwww.securly.com/events-admin
https://status.securly.com/
https://support.securly.com/
https://support.securly.com/hc/en-us/articles/10401786742935-How-to-manage-Blackbaud-integration
https://support.securly.com/hc/en-us/articles/10480263386391-How-do-I-use-the-Aware-Dashboard
https://support.securly.com/hc/en-us/articles/10480263386391-How-do-I-use-the-Aware-Dashboard-
https://support.securly.com/hc/en-us/articles/10716356461079-How-do-I-prevent-access-to-Crosh-on-Chromebooks
https://support.securly.com/hc/en-us/articles/10730297618711-What-s-New-in-Classroom-8-7-December-2022
https://support.securly.com/hc/en-us/articles/115004747727-How-to-set-up-Office-365-Azure-AD-SSO-IIS-server
https://support.securly.com/hc/en-us/articles/115005405827-Why-does-the-student-take-home-login-page-display-two-login-options
https://support.securly.com/hc/en-us/articles/115005405827-Why-does-the-student-take-home-login-page-display-two-login-options-
https://support.securly.com/hc/en-us/articles/115005574588-Why-is-forced-login-defaulted-on-take-home-devices-
https://support.securly.com/hc/en-us/articles/115006312367-How-to-set-up-the-Guest-Network-Policy
https://support.securly.com/hc/en-us/articles/115007235527-How-to-begin-using-parent-settings
https://support.securly.com/hc/en-us/articles/115007396768-How-does-the-IT-admin-change-control-levels-for-parents
https://support.securly.com/hc/en-us/articles/115011637247-How-do-I-file-a-support-ticket-via-the-Admin-dashboard
https://support.securly.com/hc/en-us/articles/115011637467-How-does-search-functionality-for-user-reports-work-
https://support.securly.com/hc/en-us/articles/115011786608-How-does-temporarily-allow-sites-work
https://support.securly.com/hc/en-us/articles/115011786708-What-does-the-Securly-Aware-Activites-page-display
https://support.securly.com/hc/en-us/articles/115011857608-How-does-Securly-scan-keywords
https://support.securly.com/hc/en-us/articles/115011857668-Best-practices-for-FTP-upload
https://support.securly.com/hc/en-us/articles/115011857708-FTP-Setup-Guide
https://support.securly.com/hc/en-us/articles/115011886188-Why-is-the-cyberbullying-and-self-harm-activity-identified-incorrectly-at-times
https://support.securly.com/hc/en-us/articles/115013346088-How-is-user-activity-displayed-under-the-Reports-tab
https://support.securly.com/hc/en-us/articles/115013346088-How-is-user-activity-displayed-under-the-Reports-tab-
https://support.securly.com/hc/en-us/articles/115013894928-Can-the-admin-override-sites-approved-by-the-temporary-allow-feature
https://support.securly.com/hc/en-us/articles/115015404668-How-do-I-avoid-errors-when-signing-up-for-Securly-with-G-Suite-credentials
https://support.securly.com/hc/en-us/articles/115015514728-How-do-I-send-Aware-email-alerts-to-school-counselors
https://support.securly.com/hc/en-us/articles/115015664228-Securly-is-not-filtering-anything-on-my-network-What-do-I-do-to-troubleshoot
https://support.securly.com/hc/en-us/articles/115015796427-How-does-Aware-work-
https://support.securly.com/hc/en-us/articles/11642987911959-Using-PBIS-with-Rhithm
https://support.securly.com/hc/en-us/articles/11642988198295-Using-a-Multi-Tiered-System-of-Support-MTSS-Framework-with-Rhithm
https://support.securly.com/hc/en-us/articles/11642988281111-Using-Rhithm-for-Bullying-Prevention
https://support.securly.com/hc/en-us/articles/11642989426327-Getting-started-with-Rhithm-District-admins-
https://support.securly.com/hc/en-us/articles/11642989949079-Pre-Built-Assessment-Library
https://support.securly.com/hc/en-us/articles/11642990428823-The-Rhithm-Toolkit
https://support.securly.com/hc/en-us/articles/11642990560023-CSV-Upload-Rostering-Instructions-for-IT-
https://support.securly.com/hc/en-us/articles/11642990850839-Troubleshooting-issues
https://support.securly.com/hc/en-us/articles/11642992068759-Getting-in-Rhithm
https://support.securly.com/hc/en-us/articles/11643003332631-Identifying-students-in-Risk-Alert-emails
https://support.securly.com/hc/en-us/articles/11643004510487-Supporting-yourself-your-community-after-tragedy
https://support.securly.com/hc/en-us/articles/11643006060055-Simplified-Wellness-Check-in
https://support.securly.com/hc/en-us/articles/11643006550807-Inviting-new-users-to-Rhithm
https://support.securly.com/hc/en-us/articles/11643007448855-Logging-in-to-Rhithm
https://support.securly.com/hc/en-us/articles/11923151050263--Block-all-uncategorized-sites-feature-update
https://support.securly.com/hc/en-us/articles/11965632219287-ClassLink-Rostering-Instructions-for-IT
https://support.securly.com/hc/en-us/articles/12033755204503-How-to-push-Securly-SSL-certificate-with-Microsoft-Endpoint-InTune
https://support.securly.com/hc/en-us/articles/12244824289303-Securly-Aware-for-Google-Self-Onboarding
https://support.securly.com/hc/en-us/articles/12246039658775-Dyknow-Classroom-Self-Onboarding
https://support.securly.com/hc/en-us/articles/12391017254295-Rhithm-Insights-overview
https://support.securly.com/hc/en-us/articles/12411521113495-Release-Notes-Feb-2023
https://support.securly.com/hc/en-us/articles/12624305726231-Troubleshooting-Dymo-printer-issues
https://support.securly.com/hc/en-us/articles/12960046235031-Managing-your-Infinite-Campus-SIS-Integration-with-OneRoster-1-1-and-OAuth2
https://support.securly.com/hc/en-us/articles/12973947002263-How-to-troubleshoot-student-devices-not-connecting-to-Dyknow
https://support.securly.com/hc/en-us/articles/12995627456663-How-frequently-is-the-sex-offender-data-updated-
https://support.securly.com/hc/en-us/articles/13825557306391-How-do-I-start-scanning-Google-Slides-and-Google-Sheets
https://support.securly.com/hc/en-us/articles/13843778547479-Installing-the-Rhithm-Chrome-extension
https://support.securly.com/hc/en-us/articles/14137216306327-Exploring-Application-Profiles-in-Securly-Reveal
https://support.securly.com/hc/en-us/articles/14642414360343-What-s-New-in-Classroom-9-0-May-2023
https://support.securly.com/hc/en-us/articles/14656374141463-Understanding-the-Transition-from-Safety-Console-to-Securly-Filter-and-Securly-Aware-
https://support.securly.com/hc/en-us/articles/14808483624599-Rhithm-welcome-email-templates
https://support.securly.com/hc/en-us/articles/1500000230801-How-do-I-join-the-Lounge
https://support.securly.com/hc/en-us/articles/1500000429701-Why-can-t-I-add-some-sites-to-the-policy-allow-block-list-
https://support.securly.com/hc/en-us/articles/1500002235982-Customer-Training-FAQs-
https://support.securly.com/hc/en-us/articles/1500002732342-How-to-find-a-Youtube-Channel-URL
https://support.securly.com/hc/en-us/articles/1500003098522-Why-Securly-discourages-or-prohibits-certain-domains-from-being-added-to-Global-Allow-and-Global-Block-lists
https://support.securly.com/hc/en-us/articles/1500003537781-How-do-I-sign-up-for-Securly-s-Status-page
https://support.securly.com/hc/en-us/articles/1500003681722-Can-I-access-Securly-s-status-page-from-within-Securly-Filter
https://support.securly.com/hc/en-us/articles/1500003681802-What-information-can-be-found-on-Securly-s-status-page
https://support.securly.com/hc/en-us/articles/1500007119522-How-to-manage-user-access-to-certificates
https://support.securly.com/hc/en-us/articles/1500007422781-What-s-New-in-Securly-Classroom-7-7
https://support.securly.com/hc/en-us/articles/1500011350922-Why-do-I-get-an-authorization-error-when-syncing-Securly-Classroom-and-Google
https://support.securly.com/hc/en-us/articles/1500012890222-Can-guests-check-out-via-the-Visitor-app-
https://support.securly.com/hc/en-us/articles/1500012890302-How-to-customize-the-school-logo-on-the-Visitor-app
https://support.securly.com/hc/en-us/articles/1500012890302-How-to-customize-the-school-logo-on-the-Visitor-app-
https://support.securly.com/hc/en-us/articles/15070521990039-How-to-enable-print-preview-for-Brother-printer
https://support.securly.com/hc/en-us/articles/15126210307095-How-can-I-Find-a-Teacher-in-the-Drop-down-Menu-that-isn-t-showing
https://support.securly.com/hc/en-us/articles/15126210307095-How-can-I-Find-a-Teacher-in-the-Drop-down-Menu-that-isn-t-showing-
https://support.securly.com/hc/en-us/articles/15269021864343-Why-are-we-being-asked-to-verify-that-we-are-human-when-logging-into-Pass
https://support.securly.com/hc/en-us/articles/15271277481239-Can-we-set-up-an-automatic-daily-sync-with-our-SIS
https://support.securly.com/hc/en-us/articles/15271537499543-How-to-give-a-full-time-substitute-teacher-access-to-Pass
https://support.securly.com/hc/en-us/articles/15272022348951-How-do-I-manage-substitutes-in-Pass
https://support.securly.com/hc/en-us/articles/15296720110359-Can-substitute-teachers-log-into-the-Pass-system
https://support.securly.com/hc/en-us/articles/15296828407959-Why-are-some-people-getting-appointment-emails-but-not-others-
https://support.securly.com/hc/en-us/articles/15297031813399-Why-do-I-get-the-error-The-user-already-exists
https://support.securly.com/hc/en-us/articles/15297031813399-Why-do-I-get-the-error-The-user-already-exists-
https://support.securly.com/hc/en-us/articles/15297206523799-How-do-we-give-some-students-additional-passes
https://support.securly.com/hc/en-us/articles/15297262601239-Is-there-a-way-for-an-admin-to-get-an-alert-when-certain-students-create-passes
https://support.securly.com/hc/en-us/articles/15313311157783--New-Subscribe-to-Rhithm-reports
https://support.securly.com/hc/en-us/articles/15323220628759-How-do-I-add-a-new-user-to-my-Pass-system
https://support.securly.com/hc/en-us/articles/15323339821975-How-do-I-add-a-new-user-to-my-Flex-system
https://support.securly.com/hc/en-us/articles/15323339821975-How-do-I-add-a-new-user-to-my-Flex-system-
https://support.securly.com/hc/en-us/articles/15327664522135--New-Log-in-to-Rhithm-with-QR-codes
https://support.securly.com/hc/en-us/articles/15437191049751-How-to-create-a-pass-blocking-schedule
https://support.securly.com/hc/en-us/articles/15495662826903-Can-I-add-a-new-flex-period-to-the-system
https://support.securly.com/hc/en-us/articles/15495662826903-Can-I-add-a-new-flex-period-to-the-system-
https://support.securly.com/hc/en-us/articles/15495679500567-Is-there-a-way-to-remove-active-students-who-don-t-participate-in-our-flex-period-from-the-Flex-system
https://support.securly.com/hc/en-us/articles/15495726271511-Can-a-user-have-access-to-more-than-one-school-if-there-are-multiple-schools-using-Flex-in-a-district-
https://support.securly.com/hc/en-us/articles/15495736227095-Can-an-admin-change-the-name-of-a-student-or-staff-member-in-Flex
https://support.securly.com/hc/en-us/articles/15495755466519-Can-I-change-a-teacher-to-have-Admin-role-access
https://support.securly.com/hc/en-us/articles/15495782857879-How-can-an-admin-see-which-teachers-have-not-scheduled-a-flex-activity
https://support.securly.com/hc/en-us/articles/15495782857879-How-can-an-admin-see-which-teachers-have-not-scheduled-a-flex-activity-
https://support.securly.com/hc/en-us/articles/15495867665687-Constant-Refresh-Required-on-the-Dashboard
https://support.securly.com/hc/en-us/articles/15637440894999-Can-we-remind-teachers-to-take-attendance-in-Flex-
https://support.securly.com/hc/en-us/articles/15814931767063-Why-is-my-Windows-agent-installation-failing
https://support.securly.com/hc/en-us/articles/15980394690455-Can-I-see-which-teachers-have-taken-attendance-for-today-
https://support.securly.com/hc/en-us/articles/15992550419351-Can-the-cutoff-time-be-changed
https://support.securly.com/hc/en-us/articles/15992550419351-Can-the-cutoff-time-be-changed-
https://support.securly.com/hc/en-us/articles/15993509488023-How-do-I-update-my-CAP-Controlled-Access-Period-file-s
https://support.securly.com/hc/en-us/articles/15996745129111-How-do-we-prepare-Flex-for-the-new-school-year-
https://support.securly.com/hc/en-us/articles/15999464164631-Can-the-Plus-Add-feature-be-disabled-in-Flex
https://support.securly.com/hc/en-us/articles/15999464164631-Can-the-Plus-Add-feature-be-disabled-in-Flex-
https://support.securly.com/hc/en-us/articles/16080623436567-Can-I-add-a-Flex-user-with-a-different-email-domain
https://support.securly.com/hc/en-us/articles/16080641385879-Our-email-domain-is-changing-is-there-anything-I-need-to-do-in-Flex-
https://support.securly.com/hc/en-us/articles/16091187037207-What-s-New-in-Classroom-9-1-July-2023
https://support.securly.com/hc/en-us/articles/16112730969239-Where-can-I-go-to-understand-all-the-priority-levels-available-in-Flex
https://support.securly.com/hc/en-us/articles/16119993753879-Can-an-admin-set-up-a-rule-that-two-students-cannot-be-in-an-activity-together-
https://support.securly.com/hc/en-us/articles/16136588428567-Single-user-cannot-log-in-but-is-Active-in-the-system
https://support.securly.com/hc/en-us/articles/16245200318999-Back-to-school-2023-Rhithm-updates
https://support.securly.com/hc/en-us/articles/16482055763095-How-Do-I-Know-Which-Filter-Cluster-I-Am-On
https://support.securly.com/hc/en-us/articles/17161148645655-Release-Notes-July-2023
https://support.securly.com/hc/en-us/articles/17625787538071-Reveal-FAQs
https://support.securly.com/hc/en-us/articles/18858107997591-How-To-Fix-Access-Blocked-Google-Message
https://support.securly.com/hc/en-us/articles/19373370327447-What-s-new-In-MDM-9-3
https://support.securly.com/hc/en-us/articles/19422915068439-Understanding-the-Enhanced-Activities-Page-in-Securly-Filter
https://support.securly.com/hc/en-us/articles/19446837462807-Release-notes-Nov-2023
https://support.securly.com/hc/en-us/articles/19602855210135--How-do-I-set-up-my-school-s-working-hours
https://support.securly.com/hc/en-us/articles/19672742893463-Respond-Capability-Matrix
https://support.securly.com/hc/en-us/articles/200623868-What-is-forced-login
https://support.securly.com/hc/en-us/articles/200913883-Why-can-t-I-login
https://support.securly.com/hc/en-us/articles/200913883-Why-can-t-I-login-
https://support.securly.com/hc/en-us/articles/203053816-How-do-I-test-Securly-for-Windows-devices
https://support.securly.com/hc/en-us/articles/203053856-Why-does-my-user-activity-log-not-display-user-email-addresses
https://support.securly.com/hc/en-us/articles/203053936-How-to-exempt-users-from-Forced-Logins
https://support.securly.com/hc/en-us/articles/203391353-How-do-I-give-other-users-access-to-Securly
https://support.securly.com/hc/en-us/articles/204856388-How-do-I-manage-multiple-domains-with-Securly
https://support.securly.com/hc/en-us/articles/204856388-How-do-I-manage-multiple-domains-with-Securly-
https://support.securly.com/hc/en-us/articles/204856588-How-to-disable-Guest-Mode-for-Chromebooks
https://support.securly.com/hc/en-us/articles/205953998-Why-do-I-get-SSL-errors-when-using-Securly-DNS-servers
https://support.securly.com/hc/en-us/articles/206058318-How-to-install-the-Securly-SSL-certificate-on-Mac-OSX
https://support.securly.com/hc/en-us/articles/206081828-How-do-I-manually-install-the-Securly-SSL-certificate-in-Chrome
https://support.securly.com/hc/en-us/articles/206235928-How-do-I-install-the-Securly-SSL-certificate-in-Google-Admin-Console
https://support.securly.com/hc/en-us/articles/206471348-Can-I-customize-the-blocked-page-content
https://support.securly.com/hc/en-us/articles/206688537-How-to-push-the-Securly-SSL-certificate-with-Active-Directory-GPO
https://support.securly.com/hc/en-us/articles/206688537-How-to-push-the-Securly-SSL-certificate-with-Active-Directory-GPO-
https://support.securly.com/hc/en-us/articles/206761167-How-to-verify-if-Securly-SSL-certificate-is-installed-on-Mac-OS-X
https://support.securly.com/hc/en-us/articles/206980207-Why-do-I-get-the-This-root-certificate-is-not-trusted-error
https://support.securly.com/hc/en-us/articles/207090147-Why-do-I-get-a-This-webpage-was-blocked-by-an-extension-error
https://support.securly.com/hc/en-us/articles/210570548-Can-I-submit-the-domain-to-be-added-to-the-Securly-database
https://support.securly.com/hc/en-us/articles/212134628-How-do-I-verify-Securly-SSL-is-installed-on-Chrome
https://support.securly.com/hc/en-us/articles/212869927-How-do-I-install-Securly-SSL-certificate-on-Android-device
https://support.securly.com/hc/en-us/articles/213891368-What-is-a-Chrome-Network-Dump-HAR-and-where-do-I-find-it
https://support.securly.com/hc/en-us/articles/214563027-How-do-you-set-up-YouTube-restricted-mode
https://support.securly.com/hc/en-us/articles/214616977-How-do-I-find-out-why-a-particular-site-was-blocked
https://support.securly.com/hc/en-us/articles/214771437-How-to-deploy-Securly-to-iPad-with-Meraki-s-System-Manager-
https://support.securly.com/hc/en-us/articles/215478878-Why-are-my-users-seeing-err-ssl-protocol-error
https://support.securly.com/hc/en-us/articles/215479918-How-to-manage-Securly-SSL-certificate-for-Firefox
https://support.securly.com/hc/en-us/articles/215644307-How-does-Securly-handle-images
https://support.securly.com/hc/en-us/articles/215719707-What-is-logged-with-Securly-
https://support.securly.com/hc/en-us/articles/216100988-How-to-restrict-access-to-personal-Gmail-on-school-devices
https://support.securly.com/hc/en-us/articles/216137718-Why-am-I-not-getting-any-email-alerts
https://support.securly.com/hc/en-us/articles/224737027-How-to-deploy-Securly-to-iPads-using-Securly-MDM
https://support.securly.com/hc/en-us/articles/225774268-How-do-I-configure-Securly-filtering-on-iPads
https://support.securly.com/hc/en-us/articles/228390168-How-to-minimize-upload-failures-for-parent-CSV-files
https://support.securly.com/hc/en-us/articles/228390168-How-to-minimize-upload-failures-for-parent-CSV-files-
https://support.securly.com/hc/en-us/articles/360000291568-How-to-filter-Bring-Your-Own-Devices-BYOD
https://support.securly.com/hc/en-us/articles/360000741928-How-does-Azure-AD-work-with-Securly
https://support.securly.com/hc/en-us/articles/360000881087-How-to-resolve-the-too-many-redirects-error-on-Safari
https://support.securly.com/hc/en-us/articles/360001058688-How-to-allow-all-email-from-securly-com-in-Gmail
https://support.securly.com/hc/en-us/articles/360001126107-How-do-I-import-OUs-from-Azure-AD-to-Securly
https://support.securly.com/hc/en-us/articles/360004897193-Why-does-a-restricted-site-load-on-my-Chromebook-for-a-split-second-at-times
https://support.securly.com/hc/en-us/articles/360005144334-Does-Securly-comply-with-GDPR
https://support.securly.com/hc/en-us/articles/360009606394-Why-have-parents-not-received-any-activity-reports-for-their-kid
https://support.securly.com/hc/en-us/articles/360009606394-Why-have-parents-not-received-any-activity-reports-for-their-kid-
https://support.securly.com/hc/en-us/articles/360009606834--How-do-parents-sign-into-the-Parent-Portal
https://support.securly.com/hc/en-us/articles/360009607154-What-kind-of-activity-is-shared-with-parents-in-the-activity-log
https://support.securly.com/hc/en-us/articles/360010098993-How-to-enable-Drive-SDK-API-in-G-Suite-for-Aware-onboarding
https://support.securly.com/hc/en-us/articles/360012693873-How-to-set-up-Aware-for-Office-365-emails
https://support.securly.com/hc/en-us/articles/360012779033-How-do-I-avoid-errors-when-signing-up-for-Securly-with-Office-365-credentials-
https://support.securly.com/hc/en-us/articles/360012910634-Why-is-device-location-disabled-for-some-devices
https://support.securly.com/hc/en-us/articles/360012910634-Why-is-device-location-disabled-for-some-devices-
https://support.securly.com/hc/en-us/articles/360014137333-How-do-I-enable-geolocation-tracking
https://support.securly.com/hc/en-us/articles/360015374993-How-do-I-track-activities-in-the-admin-audit-log-
https://support.securly.com/hc/en-us/articles/360016352933-Why-are-my-teachers-getting-an-error-using-personal-Gmail-even-though-I-have-disabled-Google-login-restrictions-for-them
https://support.securly.com/hc/en-us/articles/360016970993-How-does-SmartPAC-work
https://support.securly.com/hc/en-us/articles/360018050333-Can-I-allow-block-a-specific-web-page-for-a-website
https://support.securly.com/hc/en-us/articles/360018676073-Why-should-I-get-SmartPAC
https://support.securly.com/hc/en-us/articles/360018956013-How-do-I-schedule-reports-to-be-sent-to-me-periodically
https://support.securly.com/hc/en-us/articles/360019073714-Will-parents-see-flagged-searches-in-the-activity-reports-if-keyword-scanning-is-not-enabled
https://support.securly.com/hc/en-us/articles/360019610074-How-does-Securly-handle-the-Momo-challenge
https://support.securly.com/hc/en-us/articles/360021907274-Apps-not-installing-common-causes-and-solutions
https://support.securly.com/hc/en-us/articles/360021953714-Mac-profile-installation-failed-unexpected-error-MDMResponseStatus-500
https://support.securly.com/hc/en-us/articles/360022024274-Prevent-students-from-logging-in-with-personal-Gmail-account
https://support.securly.com/hc/en-us/articles/360022026694-What-to-do-if-Screen-View-is-not-working
https://support.securly.com/hc/en-us/articles/360022028114-Video-How-to-Link-your-Google-Admin-account-to-TechPilot
https://support.securly.com/hc/en-us/articles/360022156813-Receiving-Invalid-Profile-error-while-enrolling-Apple-Devices
https://support.securly.com/hc/en-us/articles/360022158953-Installing-VPP-apps-is-so-slow-
https://support.securly.com/hc/en-us/articles/360022168573-If-you-see-the-Connect-to-iTunes-screen-on-your-iPhone-iPad-or-iPod-touch
https://support.securly.com/hc/en-us/articles/360022231753-Video-How-to-Force-Load-ChromeTools-Extension-through-Google-Admin-
https://support.securly.com/hc/en-us/articles/360022233713-Using-the-App-Request-and-Approval-Workflow-features-in-Securly-MDM
https://support.securly.com/hc/en-us/articles/360022270953-How-to-deploy-the-Securly-SmartPAC-to-your-macOS-devices-via-JAMF-MDM
https://support.securly.com/hc/en-us/articles/360023492654-How-to-implement-sign-in-restrictions-for-Chromebooks
https://support.securly.com/hc/en-us/articles/360023659813-How-to-disable-the-Guest-Mode-for-Chromebooks
https://support.securly.com/hc/en-us/articles/360023726014-Can-I-block-specific-URLs-for-Chromebooks
https://support.securly.com/hc/en-us/articles/360023904553-How-to-disable-incognito-mode-in-Chromebooks
https://support.securly.com/hc/en-us/articles/360023904713-How-to-enforce-Google-Safe-Search-for-Chromebooks
https://support.securly.com/hc/en-us/articles/360023905973-How-do-I-keep-students-from-disabling-the-Securly-extension-in-the-task-manager-on-their-Chromebooks
https://support.securly.com/hc/en-us/articles/360024021774-How-do-I-use-Kiosk-mode-on-students-Chromebooks
https://support.securly.com/hc/en-us/articles/360024393093-How-do-I-test-Securly-for-a-few-Mac-devices
https://support.securly.com/hc/en-us/articles/360024395794-How-do-I-change-the-notification-email-ID-for-Aware-alerts
https://support.securly.com/hc/en-us/articles/360024570153-Can-I-stop-receiving-email-notifications-for-Aware
https://support.securly.com/hc/en-us/articles/360026029013-Setting-up-Canvas-link-in-Securly-Classroom
https://support.securly.com/hc/en-us/articles/360026432394-How-does-Securly-use-AI-across-its-products
https://support.securly.com/hc/en-us/articles/360026432394-How-does-Securly-use-AI-across-its-products-
https://support.securly.com/hc/en-us/articles/360026808753-How-do-I-manually-install-the-Securly-SSL-certificate-on-Windows
https://support.securly.com/hc/en-us/articles/360033872694-Instructions-for-installing-the-Securly-SSL-certificate-manually-and-distributed
https://support.securly.com/hc/en-us/articles/360034803833-Deploying-Securly-SmartPAC-and-SSL-Certificate-to-your-iPads-with-Mosyle-Manager
https://support.securly.com/hc/en-us/articles/360035041033-Does-Securly-support-DNS-over-HTTPS-DoH
https://support.securly.com/hc/en-us/articles/360035041033-Does-Securly-support-DNS-over-HTTPS-DoH-
https://support.securly.com/hc/en-us/articles/360036106354-How-do-I-disable-IPv6-for-Windows-Standalone-DNS-
https://support.securly.com/hc/en-us/articles/360036123653-Why-am-I-seeing-YouTube-ban
https://support.securly.com/hc/en-us/articles/360036540753-How-to-set-Google-Admin-to-force-load-the-Securly-Classroom-extension-for-students
https://support.securly.com/hc/en-us/articles/360036617333-How-do-I-disable-IPv6-for-Windows-Server-DNS
https://support.securly.com/hc/en-us/articles/360036617433--How-do-I-disable-IPv6-for-OSX-DNS
https://support.securly.com/hc/en-us/articles/360036620194-How-to-manually-set-up-Securly-DNS-in-Windows-devices
https://support.securly.com/hc/en-us/articles/360037214193-How-to-block-students-from-accessing-public-Google-Drive-links
https://support.securly.com/hc/en-us/articles/360037336273-How-do-I-allow-Securly-through-your-firewall
https://support.securly.com/hc/en-us/articles/360039350654-How-do-I-learn-what-Cluster-I-am-on-
https://support.securly.com/hc/en-us/articles/360039744954-Why-are-students-logged-out-of-their-Chromebooks-when-a-teacher-attempts-to-temporarily-allow-a-website-
https://support.securly.com/hc/en-us/articles/360040183593-How-to-uninstall-the-Securly-SSL-Certificate-from-BYOD-devices
https://support.securly.com/hc/en-us/articles/360041169554-How-do-I-report-problems-in-using-Securly
https://support.securly.com/hc/en-us/articles/360041171654-How-to-disable-proxy-settings-in-Mozilla-Firefox
https://support.securly.com/hc/en-us/articles/360041375734-How-do-I-configure-transparent-authentication-user-injection-for-SmartPAC
https://support.securly.com/hc/en-us/articles/360041375734-How-do-I-configure-transparent-authentication-user-injection-for-SmartPAC-
https://support.securly.com/hc/en-us/articles/360041421173-How-does-safe-search-work
https://support.securly.com/hc/en-us/articles/360042561314-Can-I-switch-my-language-of-choice-via-the-Securly-portal
https://support.securly.com/hc/en-us/articles/360043049833-How-do-I-start-using-the-Securly-portal-in-French
https://support.securly.com/hc/en-us/articles/360043078694-What-to-expect-when-using-Securly-s-Restrict-Google-Login-feature
https://support.securly.com/hc/en-us/articles/360043078694-What-to-expect-when-using-Securly-s-Restrict-Google-Login-feature-
https://support.securly.com/hc/en-us/articles/360044710933-Classroom-Allow-students-to-be-monitored-while-at-home-Turn-off-IP-Exclusion-for-Teacher-Tools
https://support.securly.com/hc/en-us/articles/360046178674-Using-Securly-Classroom-Extension-on-Mac-and-BYOD
https://support.securly.com/hc/en-us/articles/360048097514-How-do-I-allow-or-block-websites-and-custom-keywords
https://support.securly.com/hc/en-us/articles/360048813173-How-do-I-file-a-support-request-from-the-Securly-admin-portal
https://support.securly.com/hc/en-us/articles/360048813833-Why-don-t-I-see-devices-on-the-device-location-map-on-my-dashboard
https://support.securly.com/hc/en-us/articles/360048813833-Why-don-t-I-see-devices-on-the-device-location-map-on-my-dashboard-
https://support.securly.com/hc/en-us/articles/360048872774-How-do-I-import-OUs-from-G-Suite-to-Securly
https://support.securly.com/hc/en-us/articles/360048954394-Can-I-restrict-access-to-personal-Gmail-on-school-devices
https://support.securly.com/hc/en-us/articles/360048954394-Can-I-restrict-access-to-personal-Gmail-on-school-devices-
https://support.securly.com/hc/en-us/articles/360049519733-How-to-enable-API-access-for-Securly-in-G-Suite
https://support.securly.com/hc/en-us/articles/360049583193-Why-don-t-I-see-the-Reports-tab-in-my-Securly-admin-portal
https://support.securly.com/hc/en-us/articles/360049642373-How-to-download-activity-reports-for-specific-students-or-OUs-
https://support.securly.com/hc/en-us/articles/360049690914-Can-students-ask-permission-to-access-blocked-websites
https://support.securly.com/hc/en-us/articles/360049716853-How-do-I-customize-the-blocked-page-content
https://support.securly.com/hc/en-us/articles/360049716853-How-do-I-customize-the-blocked-page-content-
https://support.securly.com/hc/en-us/articles/360049719493-How-do-I-track-activities-in-the-admin-audit-log-
https://support.securly.com/hc/en-us/articles/360049721013-How-do-I-use-the-search-functionality-for-user-reports
https://support.securly.com/hc/en-us/articles/360049721013-How-do-I-use-the-search-functionality-for-user-reports-
https://support.securly.com/hc/en-us/articles/360050627233-How-do-I-use-Securly-as-faculty-group-user
https://support.securly.com/hc/en-us/articles/360050706114-How-does-Securly-filter-images
https://support.securly.com/hc/en-us/articles/360050706514-How-do-I-manage-access-to-YouTube
https://support.securly.com/hc/en-us/articles/360051470053-Understanding-keyword-scanning-with-Securly
https://support.securly.com/hc/en-us/articles/360051472413-How-to-set-up-single-sign-on-for-Google-with-Securly-
https://support.securly.com/hc/en-us/articles/360051907653-Best-way-to-factory-reset-a-DEP-iPad-that-is-enrolled-in-the-Securly-MDM
https://support.securly.com/hc/en-us/articles/360052228354-Deploying-SmartPAC-with-Microsoft-Intune
https://support.securly.com/hc/en-us/articles/360053317293-Mapping-Roles-in-Google-Workspace-to-Securly-Filter-and-Aware
https://support.securly.com/hc/en-us/articles/360053828473-Setting-up-or-Renewing-APNS-Apple-Push-Notification-Service-in-Securly-MDM
https://support.securly.com/hc/en-us/articles/360055153533-Does-Securly-Filter-support-cellular-enabled-iPads-and-mobile-hotspots-on-T-Mobile-or-other-carriers-that-use-IPv6
https://support.securly.com/hc/en-us/articles/360055627953-How-do-I-disable-comments-and-recommended-videos-from-YouTube-videos-that-kids-see-
https://support.securly.com/hc/en-us/articles/360056712534-How-do-I-set-up-the-website-access-lookup-tool
https://support.securly.com/hc/en-us/articles/360058576573-How-do-I-use-the-website-access-lookup-tool
https://support.securly.com/hc/en-us/articles/360058576573-How-do-I-use-the-website-access-lookup-tool-
https://support.securly.com/hc/en-us/articles/360058593033-Which-users-are-allowed-access-when-a-website-is-allowed-by-a-teacher-or-admin
https://support.securly.com/hc/en-us/articles/360058593033-Which-users-are-allowed-access-when-a-website-is-allowed-by-a-teacher-or-admin-
https://support.securly.com/hc/en-us/articles/360062912593-How-do-I-set-up-Securly-Visitor-for-schools
https://support.securly.com/hc/en-us/articles/360062913213-What-are-the-different-roles-and-responsibilities-for-Visitor-users
https://support.securly.com/hc/en-us/articles/4403048323095-How-to-start-using-the-quarantine-images-feature
https://support.securly.com/hc/en-us/articles/4403048323095-How-to-start-using-the-quarantine-images-feature-
https://support.securly.com/hc/en-us/articles/4403048664087-How-do-I-review-quarantined-images-in-the-Securly-Aware-
https://support.securly.com/hc/en-us/articles/4404150970775-Best-practices-for-error-free-CSV-upload-via-FTP-
https://support.securly.com/hc/en-us/articles/4405219863319-How-to-set-up-time-based-policies
https://support.securly.com/hc/en-us/articles/4406046966807-Nucleus-UI-for-Classroom-FAQ
https://support.securly.com/hc/en-us/articles/4409004776599-How-does-Google-s-age-access-change-impact-Securly-users
https://support.securly.com/hc/en-us/articles/4409004776599-How-does-Google-s-age-access-change-impact-Securly-users-
https://support.securly.com/hc/en-us/articles/4409136919063-Managing-iOS-updates
https://support.securly.com/hc/en-us/articles/4409675842967-How-can-teachers-allow-blocked-sites-for-students
https://support.securly.com/hc/en-us/articles/4412660935191-How-to-use-the-new-blocked-page
https://support.securly.com/hc/en-us/articles/4412777079575-Can-parents-pick-up-multiple-students-from-school
https://support.securly.com/hc/en-us/articles/4413827662103-Understanding-icons-on-the-activities-page-in-the-Filter-Dashboard-
https://support.securly.com/hc/en-us/articles/4415271761559-How-to-block-websites-during-a-class-session
https://support.securly.com/hc/en-us/articles/4415827774103-What-s-New-In-Classroom-8-0
https://support.securly.com/hc/en-us/articles/4416973207959-Release-notes-Dec-2021
https://support.securly.com/hc/en-us/articles/4417210530455-Where-can-I-find-gun-term-searches-in-Securly-Filter-
https://support.securly.com/hc/en-us/articles/4424751352087-How-to-install-Securly-Extension-for-Chrome-and-Edge-browsers-Windows
https://support.securly.com/hc/en-us/articles/4439479878167-Why-are-some-unvisited-websites-displayed-in-user-activity-logs
https://support.securly.com/hc/en-us/articles/4439479878167-Why-are-some-unvisited-websites-displayed-in-user-activity-logs-
https://support.securly.com/hc/en-us/articles/5219340489623-Manual-SmartPAC-installation-on-MacOS
https://support.securly.com/hc/en-us/articles/5290716156055-Why-am-I-getting-a-blank-page-during-Visitor-login
https://support.securly.com/hc/en-us/articles/5290716156055-Why-am-I-getting-a-blank-page-during-Visitor-login-
https://support.securly.com/hc/en-us/articles/5292853923607-Getting-started-with-Dyknow-Classroom-Management-Teacher-training
https://support.securly.com/hc/en-us/articles/5393683323287-How-monitoring-works-an-overview
https://support.securly.com/hc/en-us/articles/5393716920215-How-to-start-and-end-a-monitoring-session
https://support.securly.com/hc/en-us/articles/5393945022615-How-to-use-the-activity-tracker
https://support.securly.com/hc/en-us/articles/5396885149207-Monitoring-FAQs
https://support.securly.com/hc/en-us/articles/5455206926231-Installing-Securly-Classroom-Windows-Agent-via-Microsoft-Intune
https://support.securly.com/hc/en-us/articles/5740740630423-Blocking-plans-A-overview
https://support.securly.com/hc/en-us/articles/5740934834071-How-to-create-and-enforce-a-Blocking-Plan
https://support.securly.com/hc/en-us/articles/5741086511767-Blocking-plan-FAQs
https://support.securly.com/hc/en-us/articles/5742073453463-Ask-a-Question-to-Students-using-Dyknow-Classroom-Question-Bank
https://support.securly.com/hc/en-us/articles/5765406465303-How-to-deploy-Securly-SmartPAC-and-SSL-Certificate-to-your-OSX-Devices-with-Mosyle-Manager
https://support.securly.com/hc/en-us/articles/5816453221015-How-to-configure-your-Brother-label-printer-with-an-iPad
https://support.securly.com/hc/en-us/articles/5864781202839-Student-Device-Login-FAQs
https://support.securly.com/hc/en-us/articles/5864875799063-Understanding-how-to-create-a-class
https://support.securly.com/hc/en-us/articles/5865592838167-How-to-allow-Dyknow-in-content-filter-and-anti-virus-software
https://support.securly.com/hc/en-us/articles/5865592838167-How-to-allow-Dyknow-in-content-filter-and-anti-virus-software-
https://support.securly.com/hc/en-us/articles/6035674857751-Introduction-to-Import-Manager
https://support.securly.com/hc/en-us/articles/6035813940631-How-to-manage-roster-import-settings-
https://support.securly.com/hc/en-us/articles/6035865792151-How-to-manage-Powerschool-integration-
https://support.securly.com/hc/en-us/articles/6035920402839-How-to-manage-Skyward-SIS-data
https://support.securly.com/hc/en-us/articles/6035920402839-How-to-manage-Skyward-SIS-data-
https://support.securly.com/hc/en-us/articles/6035995025687-How-to-manage-infinite-campus-integration-
https://support.securly.com/hc/en-us/articles/6036287564439-How-to-set-up-FTP-folder-connection
https://support.securly.com/hc/en-us/articles/6036305332503-How-to-import-student-roster-data-from-Clever-
https://support.securly.com/hc/en-us/articles/6036375258135-How-to-set-up-OneRoster-file-export
https://support.securly.com/hc/en-us/articles/6037099047959-How-to-manage-custom-files
https://support.securly.com/hc/en-us/articles/6038269802903-Upload-Roster-import-files-to-FTP-folder
https://support.securly.com/hc/en-us/articles/6038486579223-How-to-install-Dyknow-Cloud-Connector-on-student-Chromebook-devices
https://support.securly.com/hc/en-us/articles/6213746736791-How-to-install-Dyknow-Cloud-Connector-on-student-Mac-devices
https://support.securly.com/hc/en-us/articles/6213906376343-How-to-install-Dyknow-Cloud-Connector-on-student-Windows-devices
https://support.securly.com/hc/en-us/articles/6213983529879-How-to-manage-Blackout-settings-
https://support.securly.com/hc/en-us/articles/6215092299415-Tech-Coach-training
https://support.securly.com/hc/en-us/articles/6215167016215-How-to-manage-users-manually
https://support.securly.com/hc/en-us/articles/6317409671319-How-to-use-student-history
https://support.securly.com/hc/en-us/articles/6317531682711-How-to-add-a-tech-coach-and-assign-schools
https://support.securly.com/hc/en-us/articles/6317670884631-How-to-add-a-teacher-as-a-tech-coach-or-administrator
https://support.securly.com/hc/en-us/articles/6317800304023-Send-a-log-report-from-a-student-device
https://support.securly.com/hc/en-us/articles/6317945241367-Can-student-devices-be-monitored-at-home
https://support.securly.com/hc/en-us/articles/6317991815959-How-to-disable-Google-Translate-in-Chrome
https://support.securly.com/hc/en-us/articles/6317996294423-How-to-pull-log-reports-remotely-as-an-admin
https://support.securly.com/hc/en-us/articles/6318027314583-How-to-login-to-Dyknow-and-reset-password
https://support.securly.com/hc/en-us/articles/6318043966231-What-are-the-different-roles-and-privileges-in-Dyknow-Classroom
https://support.securly.com/hc/en-us/articles/6318095513111-Which-devices-are-supported-by-Dyknow-Classroom
https://support.securly.com/hc/en-us/articles/6318222319639-Student-device-login-and-Secondary-authentication
https://support.securly.com/hc/en-us/articles/6440204904727-How-to-login-and-reset-password-for-Reveal
https://support.securly.com/hc/en-us/articles/6440355167383-Can-I-monitor-student-devices-home
https://support.securly.com/hc/en-us/articles/6466105090199-Setting-up-a-FTP-folder-connection-
https://support.securly.com/hc/en-us/articles/6731796377623-Installing-Dyknow-Cloud-Connector-on-student-Windows-devices
https://support.securly.com/hc/en-us/articles/6732224363159-Installing-Dyknow-Cloud-Connector-on-student-Mac-devices
https://support.securly.com/hc/en-us/articles/6759370084887-Installing-Dyknow-Cloud-Connector-on-student-Chromebook-devices
https://support.securly.com/hc/en-us/articles/6921065392535-Managing-custom-files
https://support.securly.com/hc/en-us/articles/6921208375447-Setting-up-OneRoster-file-exports
https://support.securly.com/hc/en-us/articles/6921513546903-Importing-student-roster-data-from-Clever
https://support.securly.com/hc/en-us/articles/6921626880791-Managing-infinite-campus-integration
https://support.securly.com/hc/en-us/articles/6921831470487-Managing-Skyward-SIS-data
https://support.securly.com/hc/en-us/articles/6922029628055-Managing-Powerschool-integration
https://support.securly.com/hc/en-us/articles/6947752878103-How-to-use-import-manager
https://support.securly.com/hc/en-us/articles/6947752878103-How-to-use-import-manager-
https://support.securly.com/hc/en-us/articles/7212970504727-How-to-use-InTune-to-deploy-the-Securly-Edge-Extension
https://support.securly.com/hc/en-us/articles/8183476581911-Subscription-Management-and-Applications
https://support.securly.com/hc/en-us/articles/8183685755543-Usage-Explorer
https://support.securly.com/hc/en-us/articles/8520700858007-How-to-install-Aware-for-Gmail-via-TLS
https://support.securly.com/hc/en-us/articles/8575271806487-Installing-Securly-Classroom-extension-on-non-Chrome-OS-devices
https://support.securly.com/hc/en-us/articles/8772923583127-Flagged-Alerts-moving-to-Aware-FAQs
https://support.securly.com/hc/en-us/articles/8807570404759-How-to-integrate-Canvas-and-Aware
https://support.securly.com/hc/en-us/articles/8828762202263-How-do-I-get-started-using-Securly-Classroom
https://support.securly.com/hc/en-us/categories/115000905728-Filter
https://support.securly.com/hc/en-us/categories/15096766230295-Flex
https://support.securly.com/hc/en-us/categories/200187223-Visitor
https://support.securly.com/hc/en-us/categories/5119684325783-Dyknow-Classroom
https://support.securly.com/hc/en-us/sections/15616718313367-Admin
https://support.securly.com/hc/en-us/sections/4405534903447-Block-and-Allow-Content
https://support.securly.com/hc/en-us/sections/4405546408087-Troubleshoot
https://support.securly.com/hc/en-us/sections/4405546408087-troubleshoot?page=2
https://support.securly.com/hc/en-us/sections/4405546410391-FAQ?page=2
https://support.securly.com/hc/en-us/sections/4405546410391-FAQ?page=3
https://support.securly.com/hc/en-us/sections/4405546415767-Best-Practices
https://support.securly.com/hc/en-us/sections/5119764724759-Get-Started
https://uk-www.securly.com/features.html
https://uk-www.securly.com/features/google-apps-integration
https://uk-www.securly.com/features/granular-k12-policies
https://uk-www.securly.com/smart.pac?fid=securly@austinfriars.co.uk
https://useast-www.securly.com/features/any-device-anywhere
https://useast-www.securly.com/features/google-apps-integration
https://useast-www.securly.com/parent-login
https://vms.securly.com/
https://www.05b04bcc17994f226a912a526cdcb4edsync.pacrpc.rtqa4.v1api.securly.com/job-description?gh_jid=4982169
https://www.05b04bcc17994f226a912a526cdcb4edsync.pacrpc.rtqa4.v1api.securly.com/job-description?gh_jid=5620749
https://www.05b04bcc17994f226a912a526cdcb4edsync.pacrpc.rtqa4.v1api.securly.com/job-description?gh_jid=5620750
https://www.6d939d4eb14b9c04f37c5caa66a29410sync.pacrpc.uswest2.v1api.securly.com/job-description?gh_jid=5448944
https://www.77d6e51ac789bdaa07d1ea7468cabd76sync.pacrpc.uswest2.v1api.securly.com/job-description?gh_jid=4982169
https://www.91923cc314e96c9cec1e93c0fec52d58sync.pacrpc.uswest2.v1api.securly.com/site/assets/pdf/carbon-county.pdf
https://www.966828afc76f953674796a7becd1e020sync.pacrpc.uswest2.v1api.securly.com/site/assets/pdf/carbon-county.pdf
https://www.securly.com/
https://www.securly.com/FETC
https://www.securly.com/RTM
https://www.securly.com/about-us
https://www.securly.com/assets/images/1-1_Device_Theft.pdf
https://www.securly.com/assets/images/Bio_Anders.pdf
https://www.securly.com/assets/images/Bio_Linsly.pdf
https://www.securly.com/assets/images/Cyber_Bullying.pdf
https://www.securly.com/assets/images/DIR-TSO-XXXX-Appendix-C-Pricing-Index-Example.pdf
https://www.securly.com/assets/images/DNSwhitepaper_final.pdf
https://www.securly.com/assets/images/Eastmaine_School_District_63.pdf
https://www.securly.com/assets/images/Fact-Sheet.pdf
https://www.securly.com/assets/images/Fredrick_Case_Study_final.pdf
https://www.securly.com/assets/images/HRFactSheet
https://www.securly.com/assets/images/Lees_Summit_case_study.pdf
https://www.securly.com/assets/images/MMSDCaseStudy.pdf
https://www.securly.com/assets/images/Managing_Screen_Time.pdf
https://www.securly.com/assets/images/Media-Kit-Securly-2019.pdf
https://www.securly.com/assets/images/Pickens_County_Case_Study.pdf
https://www.securly.com/assets/images/Q4_Social_Impact_Report_2018-1.pdf
https://www.securly.com/assets/images/Securly-2019-Impact-Report.pdf
https://www.securly.com/assets/images/Securly_CaseStudy_FedrickCountySchool.pdf
https://www.securly.com/assets/images/Securly_b2b_DNSwhitepaper_0319.pdf
https://www.securly.com/assets/images/Securly_b2b_FederalFundingWhitepaper_0220.pdf
https://www.securly.com/assets/images/Securly_b2b_LeesSummitCaseStudy_final.pdf
https://www.securly.com/assets/images/Securly_b2b_PickensCaseStudy_final2020.pdf
https://www.securly.com/assets/images/Shape_Secure_11_Program.pdf
https://www.securly.com/assets/images/Understanding-NLP-The-Securly-Way-final.pdf
https://www.securly.com/assets/images/Windows-Whitepaper.pdf
https://www.securly.com/assets/pdf/pickenscs-updated.pdf
https://www.securly.com/assets/pdf/shape_and_secure.pdf
https://www.securly.com/aware
https://www.securly.com/careers
https://www.securly.com/case-studies
https://www.securly.com/case-studies/atlanta-public-schools
https://www.securly.com/case-studies/carbon-county-school
https://www.securly.com/case-studies/central-susquehanna-intermediate-unit-16
https://www.securly.com/case-studies/chico-usd
https://www.securly.com/case-studies/clint-isd
https://www.securly.com/case-studies/derry-csd
https://www.securly.com/case-studies/eastern-carver-county
https://www.securly.com/case-studies/frederick-county-public-schools
https://www.securly.com/case-studies/lagrange-area-dept-of-spl-edu
https://www.securly.com/case-studies/madison-metropolitan
https://www.securly.com/case-studies/sheboygan-falls
https://www.securly.com/case-studies/south-gibson-school
https://www.securly.com/case-studies/uplift-education
https://www.securly.com/case-studies/virginia-beach
https://www.securly.com/classroom
https://www.securly.com/classroom-trial
https://www.securly.com/contact-form
https://www.securly.com/contact-us
https://www.securly.com/discern
https://www.securly.com/events
https://www.securly.com/events-login
https://www.securly.com/filter
https://www.securly.com/flex
https://www.securly.com/helpful-reads
https://www.securly.com/home-admin
https://www.securly.com/home-parent
https://www.securly.com/home-select
https://www.securly.com/lp/elearning
https://www.securly.com/lp/web-filter-for-schools
https://www.securly.com/mdm
https://www.securly.com/partners
https://www.securly.com/partners-form
https://www.securly.com/pass
https://www.securly.com/password-reset
https://www.securly.com/pnp-activate
https://www.securly.com/privacy
https://www.securly.com/request-a-consultation
https://www.securly.com/respond
https://www.securly.com/reveal-demo
https://www.securly.com/rhithm
https://www.securly.com/site/assets/images/Securly-ProductBrief-Filter-UK.pdf
https://www.securly.com/site/assets/images/Securly_Casestudy-FederickCounty_0320-new.pdf
https://www.securly.com/site/assets/images/Securly_b2b_Understanding-NLP-The-Securly-Way_0620-new.pdf
https://www.securly.com/site/assets/images/Tom_rivers_case_study.pdf
https://www.securly.com/site/assets/images/securly_b2b_AdminEBook-SolutionOverview_0320-new.pdf
https://www.securly.com/site/assets/images/securly_b2b_Whitepaper-YouTubeBestPractices_0420-new.pdf
https://www.securly.com/site/assets/pdf/Securly-Derry-Csd-Case-Study.pdf
https://www.securly.com/site/assets/pdf/Securly-Media-Kit.pdf
https://www.securly.com/site/assets/pdf/Securly-VirginiaBeach-CaseStudy.pdf
https://www.securly.com/site/assets/pdf/atlanta-public-school.pdf
https://www.securly.com/site/assets/pdf/carbon-county.pdf
https://www.securly.com/site/assets/pdf/chromebook-best-practices-guide.pdf
https://www.securly.com/site/assets/pdf/distance-learning-with-securly.pdf
https://www.securly.com/site/assets/pdf/dns-deployment-best-practices-guide.pdf
https://www.securly.com/site/assets/pdf/federal-funding-for-student-safety.pdf
https://www.securly.com/site/assets/pdf/hybrid-learning-playbook.pdf
https://www.securly.com/site/assets/pdf/hybrid-learning.pdf
https://www.securly.com/site/assets/pdf/in-depth-securly-review.pdf
https://www.securly.com/site/assets/pdf/net-central-case-study-(UK)-0222.pdf
https://www.securly.com/site/assets/pdf/securly-CaseStudy.pdf
https://www.securly.com/site/assets/pdf/securly-platform-overview.pdf
https://www.securly.com/site/assets/pdf/securly_b2b_CS-EasternCarverCountySchools.pdf
https://www.securly.com/site/assets/pdf/securly_b2b_CS-GreenwoodAcademiesTrust_0621.pdf
https://www.securly.com/site/assets/pdf/securly_b2b_CS-LADSE_0922.pdf
https://www.securly.com/site/assets/pdf/securly_b2b_CS-SheboyganFalls.pdf
https://www.securly.com/site/assets/pdf/securly_b2b_MMSDCaseStudy_0320-latest.pdf
https://www.securly.com/site/assets/pdf/securly_b2b_OP-360CloudvRelayComparison_0221.pdf
https://www.securly.com/site/assets/pdf/securly_b2b_StudentSafetyReport_0222.pdf
https://www.securly.com/site/assets/pdf/securly_solution_overview.pdf
https://www.securly.com/site/assets/pdf/smart-dns.pdf
https://www.securly.com/site/assets/pdf/windows-best-practices-guide.pdf
https://www.securly.com/site/assets/product-briefs/classroom-uk.pdf
https://www.securly.com/site/assets/product-briefs/filter-uk.pdf
https://www.securly.com/site/assets/product-briefs/respond.pdf
https://www.securly.com/site/assets/product-briefs/reveal.pdf
https://www.securly.com/smart.pac?fid=admin@securlyqa1.com
https://www.securly.com/smart.pac?fid=admin@securlyqa1.com&user=$EMAIL
https://www.securly.com/smart.pac?fid=admin@securlyqa1.com&user=$email
https://www.securly.com/solutions/student-engagement
https://www.securly.com/solutions/student-safety
https://www.securly.com/solutions/technology
https://www.securly.com/ssl
https://www.securly.com/students-privacy
https://www.securly.com/terms-and-conditions
https://www.securly.com/trust-and-safety
https://www.securly.com/visitor
https://www.securly.com/website-terms
